Error: ENTRY BLOCKED: Wait 4 min
    at ManualTradingBotService.placeFullOrder (/home/ubuntu/GIT-ACTION-PIPELINE-TERMINAL-RS/backend/src/modules/tradingBotModule/trading-bot.service.ts:2212:13)
    at processTicksAndRejections (node:internal/process/task_queues:95:5)
    at ManualTradingBotService.checkForPatterns (/home/ubuntu/GIT-ACTION-PIPELINE-TERMINAL-RS/backend/src/modules/tradingBotModule/trading-bot.service.ts:896:19)
Error: Notional <5: Entry=2.04932414, SL=2.064, TP=-3.95100000000005
    at ManualTradingBotService.placeFullOrder (/home/ubuntu/GIT-ACTION-PIPELINE-TERMINAL-RS/backend/src/modules/tradingBotModule/trading-bot.service.ts:2236:13)
    at processTicksAndRejections (node:internal/process/task_queues:95:5)
    at ManualTradingBotService.checkForPatterns (/home/ubuntu/GIT-ACTION-PIPELINE-TERMINAL-RS/backend/src/modules/tradingBotModule/trading-bot.service.ts:896:19)
Error: Notional <5: Entry=2191.59958915, SL=2203.19, TP=-2480.4899999999343
    at ManualTradingBotService.placeFullOrder (/home/ubuntu/GIT-ACTION-PIPELINE-TERMINAL-RS/backend/src/modules/tradingBotModule/trading-bot.service.ts:2236:13)
    at processTicksAndRejections (node:internal/process/task_queues:95:5)
    at ManualTradingBotService.checkForPatterns (/home/ubuntu/GIT-ACTION-PIPELINE-TERMINAL-RS/backend/src/modules/tradingBotModule/trading-bot.service.ts:896:19)
Error: Notional <5: Entry=0.0005895, SL=0.0005913, TP=-0.00013050000000001754
    at ManualTradingBotService.placeFullOrder (/home/ubuntu/GIT-ACTION-PIPELINE-TERMINAL-RS/backend/src/modules/tradingBotModule/trading-bot.service.ts:2236:13)
    at processTicksAndRejections (node:internal/process/task_queues:95:5)
    at ManualTradingBotService.checkForPatterns (/home/ubuntu/GIT-ACTION-PIPELINE-TERMINAL-RS/backend/src/modules/tradingBotModule/trading-bot.service.ts:896:19)
Error: Notional <5: Entry=0.04249821, SL=0.04276, TP=-0.069520000000001
    at ManualTradingBotService.placeFullOrder (/home/ubuntu/GIT-ACTION-PIPELINE-TERMINAL-RS/backend/src/modules/tradingBotModule/trading-bot.service.ts:2236:13)
    at processTicksAndRejections (node:internal/process/task_queues:95:5)
    at ManualTradingBotService.checkForPatterns (/home/ubuntu/GIT-ACTION-PIPELINE-TERMINAL-RS/backend/src/modules/tradingBotModule/trading-bot.service.ts:896:19)
Error: ENTRY BLOCKED: Wait 19 min
    at ManualTradingBotService.placeFullOrder (/home/ubuntu/GIT-ACTION-PIPELINE-TERMINAL-RS/backend/src/modules/tradingBotModule/trading-bot.service.ts:2212:13)
    at processTicksAndRejections (node:internal/process/task_queues:95:5)
    at ManualTradingBotService.checkForPatterns (/home/ubuntu/GIT-ACTION-PIPELINE-TERMINAL-RS/backend/src/modules/tradingBotModule/trading-bot.service.ts:896:19)
Error: ENTRY BLOCKED: Wait 58 sec
    at ManualTradingBotService.placeFullOrder (/home/ubuntu/GIT-ACTION-PIPELINE-TERMINAL-RS/backend/src/modules/tradingBotModule/trading-bot.service.ts:2212:13)
    at processTicksAndRejections (node:internal/process/task_queues:95:5)
    at ManualTradingBotService.checkForPatterns (/home/ubuntu/GIT-ACTION-PIPELINE-TERMINAL-RS/backend/src/modules/tradingBotModule/trading-bot.service.ts:896:19)
Error: ENTRY BLOCKED: Wait 7 min
    at ManualTradingBotService.placeFullOrder (/home/ubuntu/GIT-ACTION-PIPELINE-TERMINAL-RS/backend/src/modules/tradingBotModule/trading-bot.service.ts:2212:13)
    at processTicksAndRejections (node:internal/process/task_queues:95:5)
    at ManualTradingBotService.checkForPatterns (/home/ubuntu/GIT-ACTION-PIPELINE-TERMINAL-RS/backend/src/modules/tradingBotModule/trading-bot.service.ts:896:19)
Error: Notional <5: Entry=1.0586, SL=1.0614, TP=-0.06139999999996548
    at ManualTradingBotService.placeFullOrder (/home/ubuntu/GIT-ACTION-PIPELINE-TERMINAL-RS/backend/src/modules/tradingBotModule/trading-bot.service.ts:2236:13)
    at processTicksAndRejections (node:internal/process/task_queues:95:5)
    at ManualTradingBotService.checkForPatterns (/home/ubuntu/GIT-ACTION-PIPELINE-TERMINAL-RS/backend/src/modules/tradingBotModule/trading-bot.service.ts:896:19)
