2026-03-05T08:01:39: PM2 log: ===============================================================================
2026-03-05T08:01:39: PM2 log: --- New PM2 Daemon started ----------------------------------------------------
2026-03-05T08:01:39: PM2 log: Time                 : Thu Mar 05 2026 08:01:39 GMT+0000 (Coordinated Universal Time)
2026-03-05T08:01:39: PM2 log: PM2 version          : 6.0.14
2026-03-05T08:01:39: PM2 log: Node.js version      : 20.20.0
2026-03-05T08:01:39: PM2 log: Current arch         : x64
2026-03-05T08:01:39: PM2 log: PM2 home             : /home/ubuntu/.pm2
2026-03-05T08:01:39: PM2 log: PM2 PID file         : /home/ubuntu/.pm2/pm2.pid
2026-03-05T08:01:39: PM2 log: RPC socket file      : /home/ubuntu/.pm2/rpc.sock
2026-03-05T08:01:39: PM2 log: BUS socket file      : /home/ubuntu/.pm2/pub.sock
2026-03-05T08:01:39: PM2 log: Application log path : /home/ubuntu/.pm2/logs
2026-03-05T08:01:39: PM2 log: Worker Interval      : 30000
2026-03-05T08:01:39: PM2 log: Process dump file    : /home/ubuntu/.pm2/dump.pm2
2026-03-05T08:01:39: PM2 log: Concurrent actions   : 2
2026-03-05T08:01:39: PM2 log: SIGTERM timeout      : 1600
2026-03-05T08:01:39: PM2 log: Runtime Binary       : /usr/bin/node
2026-03-05T08:01:39: PM2 log: ===============================================================================
2026-03-05T08:01:51: PM2 log: App [react-app_frontend:0] starting in -fork mode-
2026-03-05T08:01:51: PM2 log: App [react-app_frontend:0] online
2026-03-05T13:15:58: PM2 log: Stopping app:react-app_frontend id:0
2026-03-05T13:15:58: PM2 log: App [react-app_frontend:0] exited with code [0] via signal [SIGINT]
2026-03-05T13:15:58: PM2 log: pid=20786 msg=process killed
2026-03-05T13:18:32: PM2 log: App [stishalgo-backend:0] starting in -fork mode-
2026-03-05T13:18:32: PM2 log: App [stishalgo-backend:0] online
2026-03-05T13:27:05: PM2 log: App [stish-frontend:1] starting in -fork mode-
2026-03-05T13:27:05: PM2 log: App [stish-frontend:1] online
2026-03-06T03:56:59: PM2 log: App [rahul-frontend:2] starting in -fork mode-
2026-03-06T03:56:59: PM2 log: App [rahul-frontend:2] online
2026-03-06T03:59:15: PM2 log: App [rahul-backend:3] starting in -fork mode-
2026-03-06T03:59:15: PM2 log: App [rahul-backend:3] online
2026-03-06T04:03:22: PM2 log: App [pm2-logrotate:4] starting in -fork mode-
2026-03-06T04:03:22: PM2 log: App [pm2-logrotate:4] online
2026-03-06T04:03:22: PM2 log: Stopping app:pm2-logrotate id:4
2026-03-06T04:03:22: PM2 log: App [pm2-logrotate:4] exited with code [0] via signal [SIGINT]
2026-03-06T04:03:22: PM2 log: pid=25132 msg=process killed
2026-03-06T04:03:22: PM2 log: App [pm2-logrotate:4] starting in -fork mode-
2026-03-06T04:03:22: PM2 log: App [pm2-logrotate:4] online
2026-03-06T04:03:22: PM2 log: Stopping app:pm2-logrotate id:4
2026-03-06T04:03:22: PM2 log: App [pm2-logrotate:4] exited with code [0] via signal [SIGINT]
2026-03-06T04:03:22: PM2 log: pid=25155 msg=process killed
2026-03-06T04:03:22: PM2 log: App [pm2-logrotate:4] starting in -fork mode-
2026-03-06T04:03:22: PM2 log: App [pm2-logrotate:4] online
2026-03-06T04:03:23: PM2 log: Stopping app:pm2-logrotate id:4
2026-03-06T04:03:23: PM2 log: App [pm2-logrotate:4] exited with code [0] via signal [SIGINT]
2026-03-06T04:03:23: PM2 log: pid=25178 msg=process killed
2026-03-06T04:03:23: PM2 log: App [pm2-logrotate:4] starting in -fork mode-
2026-03-06T04:03:23: PM2 log: App [pm2-logrotate:4] online
2026-03-07T06:19:45: PM2 log: Stopping app:stishalgo-backend id:0
2026-03-07T06:19:45: PM2 log: App [stishalgo-backend:0] exited with code [0] via signal [SIGINT]
2026-03-07T06:19:45: PM2 log: pid=22158 msg=process killed
2026-03-07T06:22:51: PM2 log: App [stishalgo-backend:0] starting in -fork mode-
2026-03-07T06:22:51: PM2 log: App [stishalgo-backend:0] online
2026-03-08T02:47:35: PM2 log: Stopping app:rahul-frontend id:2
2026-03-08T02:47:35: PM2 log: App [rahul-frontend:2] exited with code [0] via signal [SIGINT]
2026-03-08T02:47:35: PM2 log: pid=24955 msg=process killed
2026-03-08T02:47:35: PM2 log: Stopping app:rahul-backend id:3
2026-03-08T02:47:35: PM2 log: App [rahul-backend:3] exited with code [0] via signal [SIGINT]
2026-03-08T02:47:35: PM2 log: pid=25086 msg=process killed
2026-03-08T02:49:19: PM2 log: App [manual-bot:5] starting in -fork mode-
2026-03-08T02:49:19: PM2 log: App [manual-bot:5] online
2026-03-08T02:51:37: PM2 log: App [manual-frontend:6] starting in -fork mode-
2026-03-08T02:51:37: PM2 log: App [manual-frontend:6] online
2026-03-08T15:36:17: PM2 log: Stopping app:manual-bot id:5
2026-03-08T15:36:17: PM2 log: App [manual-bot:5] exited with code [0] via signal [SIGINT]
2026-03-08T15:36:17: PM2 log: pid=33362 msg=process killed
2026-03-08T15:36:17: PM2 log: Stopping app:manual-frontend id:6
2026-03-08T15:36:17: PM2 log: App [manual-frontend:6] exited with code [0] via signal [SIGINT]
2026-03-08T15:36:17: PM2 log: pid=33482 msg=process killed
2026-03-08T15:36:33: PM2 log: App [rahul-backend:3] starting in -fork mode-
2026-03-08T15:36:33: PM2 log: App [rahul-backend:3] online
2026-03-08T15:36:33: PM2 log: App [rahul-frontend:2] starting in -fork mode-
2026-03-08T15:36:33: PM2 log: App [rahul-frontend:2] online
2026-03-08T23:36:36: PM2 log: Stopping app:rahul-frontend id:2
2026-03-08T23:36:36: PM2 log: App [rahul-frontend:2] exited with code [0] via signal [SIGINT]
2026-03-08T23:36:36: PM2 log: pid=36152 msg=process killed
2026-03-08T23:36:36: PM2 log: Stopping app:rahul-backend id:3
2026-03-08T23:36:36: PM2 log: App [rahul-backend:3] exited with code [0] via signal [SIGINT]
2026-03-08T23:36:36: PM2 log: pid=36146 msg=process killed
2026-03-08T23:37:11: PM2 log: App [manual-bot:5] starting in -fork mode-
2026-03-08T23:37:11: PM2 log: App [manual-bot:5] online
2026-03-08T23:37:11: PM2 log: App [manual-frontend:6] starting in -fork mode-
2026-03-08T23:37:11: PM2 log: App [manual-frontend:6] online
2026-03-09T03:39:47: PM2 log: Stopping app:stishalgo-backend id:0
2026-03-09T03:39:47: PM2 log: App [stishalgo-backend:0] exited with code [0] via signal [SIGINT]
2026-03-09T03:39:47: PM2 log: pid=30757 msg=process killed
2026-03-09T03:47:03: PM2 log: App [stishalgo-backend:0] starting in -fork mode-
2026-03-09T03:47:03: PM2 log: App [stishalgo-backend:0] online
2026-03-09T03:47:43: PM2 log: Stopping app:manual-bot id:5
2026-03-09T03:47:43: PM2 log: App [manual-bot:5] exited with code [0] via signal [SIGINT]
2026-03-09T03:47:43: PM2 log: pid=37115 msg=process killed
2026-03-09T03:47:43: PM2 log: Stopping app:manual-frontend id:6
2026-03-09T03:47:43: PM2 log: App [manual-frontend:6] exited with code [0] via signal [SIGINT]
2026-03-09T03:47:43: PM2 log: pid=37121 msg=process killed
2026-03-09T03:47:55: PM2 log: App [manual-bot:5] starting in -fork mode-
2026-03-09T03:47:55: PM2 log: App [manual-bot:5] online
2026-03-09T03:47:55: PM2 log: App [manual-frontend:6] starting in -fork mode-
2026-03-09T03:47:55: PM2 log: App [manual-frontend:6] online
2026-03-11T13:44:29: PM2 log: Stopping app:stishalgo-backend id:0
2026-03-11T13:44:29: PM2 log: App [stishalgo-backend:0] exited with code [0] via signal [SIGINT]
2026-03-11T13:44:29: PM2 log: pid=38262 msg=process killed
2026-03-11T13:45:00: PM2 log: App [stishalgo-backend:0] starting in -fork mode-
2026-03-11T13:45:00: PM2 log: App [stishalgo-backend:0] online
2026-03-12T06:53:15: PM2 log: Stopping app:manual-bot id:5
2026-03-12T06:53:15: PM2 log: App [manual-bot:5] exited with code [0] via signal [SIGINT]
2026-03-12T06:53:15: PM2 log: pid=38296 msg=process killed
2026-03-12T06:53:15: PM2 log: Stopping app:manual-frontend id:6
2026-03-12T06:53:15: PM2 log: App [manual-frontend:6] exited with code [0] via signal [SIGINT]
2026-03-12T06:53:15: PM2 log: pid=38302 msg=process killed
2026-03-12T06:53:30: PM2 log: App [manual-bot:5] starting in -fork mode-
2026-03-12T06:53:30: PM2 log: App [manual-bot:5] online
2026-03-12T06:53:30: PM2 log: App [manual-frontend:6] starting in -fork mode-
2026-03-12T06:53:30: PM2 log: App [manual-frontend:6] online
2026-03-12T07:59:52: PM2 log: Stopping app:manual-bot id:5
2026-03-12T07:59:52: PM2 log: App [manual-bot:5] exited with code [0] via signal [SIGINT]
2026-03-12T07:59:52: PM2 log: pid=50272 msg=process killed
2026-03-12T07:59:52: PM2 log: Stopping app:manual-frontend id:6
2026-03-12T07:59:52: PM2 log: App [manual-frontend:6] exited with code [0] via signal [SIGINT]
2026-03-12T07:59:52: PM2 log: pid=50278 msg=process killed
2026-03-12T08:00:09: PM2 log: App [manual-bot:5] starting in -fork mode-
2026-03-12T08:00:09: PM2 log: App [manual-bot:5] online
2026-03-12T08:00:09: PM2 log: App [manual-frontend:6] starting in -fork mode-
2026-03-12T08:00:09: PM2 log: App [manual-frontend:6] online
2026-03-12T09:02:50: PM2 log: Stopping app:stishalgo-backend id:0
2026-03-12T09:02:50: PM2 log: App [stishalgo-backend:0] exited with code [0] via signal [SIGINT]
2026-03-12T09:02:50: PM2 log: pid=47113 msg=process killed
2026-03-12T10:01:47: PM2 log: App [stishalgo-backend:0] starting in -fork mode-
2026-03-12T10:01:47: PM2 log: App [stishalgo-backend:0] online
2026-03-13T01:07:02: PM2 log: Stopping app:stishalgo-backend id:0
2026-03-13T01:07:02: PM2 log: App [stishalgo-backend:0] exited with code [0] via signal [SIGINT]
2026-03-13T01:07:02: PM2 log: pid=51355 msg=process killed
2026-03-13T01:08:02: PM2 log: App [stishalgo-backend:0] starting in -fork mode-
2026-03-13T01:08:02: PM2 log: App [stishalgo-backend:0] online
2026-03-13T10:39:35: PM2 log: Stopping app:manual-bot id:5
2026-03-13T10:39:35: PM2 log: App [manual-bot:5] exited with code [0] via signal [SIGINT]
2026-03-13T10:39:35: PM2 log: pid=50818 msg=process killed
2026-03-13T10:39:35: PM2 log: Stopping app:manual-frontend id:6
2026-03-13T10:39:35: PM2 log: App [manual-frontend:6] exited with code [0] via signal [SIGINT]
2026-03-13T10:39:35: PM2 log: pid=50824 msg=process killed
2026-03-13T10:39:49: PM2 log: App [manual-bot:5] starting in -fork mode-
2026-03-13T10:39:49: PM2 log: App [manual-bot:5] online
2026-03-13T10:39:49: PM2 log: App [manual-frontend:6] starting in -fork mode-
2026-03-13T10:39:49: PM2 log: App [manual-frontend:6] online
2026-03-13T15:29:38: PM2 log: Stopping app:stishalgo-backend id:0
2026-03-13T15:29:38: PM2 log: App [stishalgo-backend:0] exited with code [0] via signal [SIGINT]
2026-03-13T15:29:38: PM2 log: pid=53430 msg=process killed
2026-03-13T15:29:57: PM2 log: Stopping app:stish-frontend id:1
2026-03-13T15:29:57: PM2 log: App [stish-frontend:1] exited with code [0] via signal [SIGINT]
2026-03-13T15:29:57: PM2 log: pid=22288 msg=process killed
2026-03-14T09:45:38: PM2 log: App [stishalgo-backend:0] starting in -fork mode-
2026-03-14T09:45:38: PM2 log: App [stishalgo-backend:0] online
2026-03-14T09:45:57: PM2 log: App [stish-frontend:1] starting in -fork mode-
2026-03-14T09:45:57: PM2 log: App [stish-frontend:1] online
2026-03-15T09:28:33: PM2 log: Stopping app:manual-bot id:5
2026-03-15T09:28:33: PM2 log: App [manual-bot:5] exited with code [0] via signal [SIGINT]
2026-03-15T09:28:33: PM2 log: pid=54685 msg=process killed
2026-03-15T09:28:33: PM2 log: Stopping app:manual-frontend id:6
2026-03-15T09:28:33: PM2 log: App [manual-frontend:6] exited with code [0] via signal [SIGINT]
2026-03-15T09:28:33: PM2 log: pid=54691 msg=process killed
2026-03-15T09:29:15: PM2 log: App [manual-bot:5] starting in -fork mode-
2026-03-15T09:29:15: PM2 log: App [manual-bot:5] online
2026-03-15T09:29:15: PM2 log: App [manual-frontend:6] starting in -fork mode-
2026-03-15T09:29:15: PM2 log: App [manual-frontend:6] online
2026-03-16T00:44:05: PM2 log: Stopping app:manual-bot id:5
2026-03-16T00:44:05: PM2 log: App [manual-bot:5] exited with code [0] via signal [SIGINT]
2026-03-16T00:44:05: PM2 log: pid=69634 msg=process killed
2026-03-16T00:44:05: PM2 log: Stopping app:manual-frontend id:6
2026-03-16T00:44:05: PM2 log: App [manual-frontend:6] exited with code [0] via signal [SIGINT]
2026-03-16T00:44:05: PM2 log: pid=69640 msg=process killed
2026-03-16T00:44:12: PM2 log: App [manual-bot:5] starting in -fork mode-
2026-03-16T00:44:12: PM2 log: App [manual-bot:5] online
2026-03-16T00:44:12: PM2 log: App [manual-frontend:6] starting in -fork mode-
2026-03-16T00:44:12: PM2 log: App [manual-frontend:6] online
2026-03-16T00:56:18: PM2 log: Stopping app:manual-bot id:5
2026-03-16T00:56:18: PM2 log: App [manual-bot:5] exited with code [0] via signal [SIGINT]
2026-03-16T00:56:18: PM2 log: pid=73462 msg=process killed
2026-03-16T00:56:18: PM2 log: Stopping app:manual-frontend id:6
2026-03-16T00:56:18: PM2 log: App [manual-frontend:6] exited with code [0] via signal [SIGINT]
2026-03-16T00:56:18: PM2 log: pid=73468 msg=process killed
2026-03-16T00:56:28: PM2 log: App [manual-bot:5] starting in -fork mode-
2026-03-16T00:56:28: PM2 log: App [manual-bot:5] online
2026-03-16T00:56:28: PM2 log: App [manual-frontend:6] starting in -fork mode-
2026-03-16T00:56:28: PM2 log: App [manual-frontend:6] online
2026-03-16T02:33:04: PM2 log: Stopping app:manual-bot id:5
2026-03-16T02:33:05: PM2 log: App [manual-bot:5] exited with code [0] via signal [SIGINT]
2026-03-16T02:33:05: PM2 log: pid=73605 msg=process killed
2026-03-16T02:33:05: PM2 log: Stopping app:manual-frontend id:6
2026-03-16T02:33:05: PM2 log: App [manual-frontend:6] exited with code [0] via signal [SIGINT]
2026-03-16T02:33:05: PM2 log: pid=73611 msg=process killed
2026-03-16T02:33:10: PM2 log: App [manual-bot:5] starting in -fork mode-
2026-03-16T02:33:11: PM2 log: App [manual-bot:5] online
2026-03-16T02:33:11: PM2 log: App [manual-frontend:6] starting in -fork mode-
2026-03-16T02:33:11: PM2 log: App [manual-frontend:6] online
2026-03-16T03:14:31: PM2 log: Stopping app:manual-bot id:5
2026-03-16T03:14:31: PM2 log: App [manual-bot:5] exited with code [0] via signal [SIGINT]
2026-03-16T03:14:31: PM2 log: pid=73925 msg=process killed
2026-03-16T03:14:31: PM2 log: Stopping app:manual-frontend id:6
2026-03-16T03:14:31: PM2 log: App [manual-frontend:6] exited with code [0] via signal [SIGINT]
2026-03-16T03:14:31: PM2 log: pid=73931 msg=process killed
2026-03-16T03:14:36: PM2 log: App [manual-bot:5] starting in -fork mode-
2026-03-16T03:14:36: PM2 log: App [manual-bot:5] online
2026-03-16T03:14:36: PM2 log: App [manual-frontend:6] starting in -fork mode-
2026-03-16T03:14:36: PM2 log: App [manual-frontend:6] online
2026-03-16T05:34:07: PM2 log: Stopping app:stishalgo-backend id:0
2026-03-16T05:34:07: PM2 log: App [stishalgo-backend:0] exited with code [0] via signal [SIGINT]
2026-03-16T05:34:07: PM2 log: pid=60223 msg=process killed
2026-03-16T05:34:07: PM2 log: Stopping app:stish-frontend id:1
2026-03-16T05:34:07: PM2 log: App [stish-frontend:1] exited with code [0] via signal [SIGINT]
2026-03-16T05:34:08: PM2 log: pid=60241 msg=process killed
2026-03-16T05:34:25: PM2 log: Stopping app:manual-bot id:5
2026-03-16T05:34:25: PM2 log: App [manual-bot:5] exited with code [0] via signal [SIGINT]
2026-03-16T05:34:25: PM2 log: pid=74101 msg=process killed
2026-03-16T05:34:25: PM2 log: Stopping app:manual-frontend id:6
2026-03-16T05:34:25: PM2 log: App [manual-frontend:6] exited with code [0] via signal [SIGINT]
2026-03-16T05:34:25: PM2 log: pid=74108 msg=process killed
2026-03-16T05:35:29: PM2 log: App [manual-bot:5] starting in -fork mode-
2026-03-16T05:35:29: PM2 log: App [manual-bot:5] online
2026-03-16T05:35:29: PM2 log: App [manual-frontend:6] starting in -fork mode-
2026-03-16T05:35:29: PM2 log: App [manual-frontend:6] online
2026-03-16T05:35:29: PM2 log: App [stishalgo-backend:0] starting in -fork mode-
2026-03-16T05:35:29: PM2 log: App [stishalgo-backend:0] online
2026-03-16T05:35:29: PM2 log: App [stish-frontend:1] starting in -fork mode-
2026-03-16T05:35:29: PM2 log: App [stish-frontend:1] online
2026-03-16T05:37:17: PM2 log: Stopping app:stishalgo-backend id:0
2026-03-16T05:37:18: PM2 log: App [stishalgo-backend:0] exited with code [0] via signal [SIGINT]
2026-03-16T05:37:18: PM2 log: pid=74595 msg=process killed
2026-03-16T05:37:18: PM2 log: Stopping app:stish-frontend id:1
2026-03-16T05:37:18: PM2 log: App [stish-frontend:1] exited with code [0] via signal [SIGINT]
2026-03-16T05:37:18: PM2 log: pid=74605 msg=process killed
2026-03-16T13:27:25: PM2 log: Stopping app:manual-bot id:5
2026-03-16T13:27:25: PM2 log: App [manual-bot:5] exited with code [0] via signal [SIGINT]
2026-03-16T13:27:25: PM2 log: pid=74586 msg=process killed
2026-03-16T13:27:25: PM2 log: Stopping app:manual-frontend id:6
2026-03-16T13:27:25: PM2 log: App [manual-frontend:6] exited with code [0] via signal [SIGINT]
2026-03-16T13:27:25: PM2 log: pid=74592 msg=process killed
2026-03-16T13:27:40: PM2 log: App [manual-bot:5] starting in -fork mode-
2026-03-16T13:27:40: PM2 log: App [manual-bot:5] online
2026-03-16T13:27:40: PM2 log: App [manual-frontend:6] starting in -fork mode-
2026-03-16T13:27:40: PM2 log: App [manual-frontend:6] online
2026-03-16T15:16:49: PM2 log: Stopping app:manual-bot id:5
2026-03-16T15:16:49: PM2 log: App [manual-bot:5] exited with code [0] via signal [SIGINT]
2026-03-16T15:16:50: PM2 log: pid=76242 msg=process killed
2026-03-16T15:16:50: PM2 log: Stopping app:manual-frontend id:6
2026-03-16T15:16:50: PM2 log: App [manual-frontend:6] exited with code [0] via signal [SIGINT]
2026-03-16T15:16:50: PM2 log: pid=76248 msg=process killed
2026-03-16T15:16:54: PM2 log: App [manual-bot:5] starting in -fork mode-
2026-03-16T15:16:54: PM2 log: App [manual-bot:5] online
2026-03-16T15:16:54: PM2 log: App [manual-frontend:6] starting in -fork mode-
2026-03-16T15:16:54: PM2 log: App [manual-frontend:6] online
2026-03-16T15:40:49: PM2 log: Stopping app:manual-bot id:5
2026-03-16T15:40:49: PM2 log: App [manual-bot:5] exited with code [0] via signal [SIGINT]
2026-03-16T15:40:49: PM2 log: pid=76556 msg=process killed
2026-03-16T15:40:49: PM2 log: Stopping app:manual-frontend id:6
2026-03-16T15:40:49: PM2 log: App [manual-frontend:6] exited with code [0] via signal [SIGINT]
2026-03-16T15:40:49: PM2 log: pid=76562 msg=process killed
2026-03-16T15:40:53: PM2 log: App [manual-bot:5] starting in -fork mode-
2026-03-16T15:40:53: PM2 log: App [manual-bot:5] online
2026-03-16T15:40:53: PM2 log: App [manual-frontend:6] starting in -fork mode-
2026-03-16T15:40:53: PM2 log: App [manual-frontend:6] online
2026-03-16T16:58:02: PM2 log: Stopping app:manual-bot id:5
2026-03-16T16:58:02: PM2 log: App [manual-bot:5] exited with code [0] via signal [SIGINT]
2026-03-16T16:58:02: PM2 log: pid=76767 msg=process killed
2026-03-16T16:58:02: PM2 log: Stopping app:manual-frontend id:6
2026-03-16T16:58:02: PM2 log: App [manual-frontend:6] exited with code [0] via signal [SIGINT]
2026-03-16T16:58:02: PM2 log: pid=76773 msg=process killed
2026-03-16T16:58:41: PM2 log: App [rahul-backend:3] starting in -fork mode-
2026-03-16T16:58:41: PM2 log: App [rahul-backend:3] online
2026-03-16T16:58:41: PM2 log: App [rahul-frontend:2] starting in -fork mode-
2026-03-16T16:58:41: PM2 log: App [rahul-frontend:2] online
2026-03-16T22:54:04: PM2 log: Stopping app:rahul-backend id:3
2026-03-16T22:54:04: PM2 log: App [rahul-backend:3] exited with code [0] via signal [SIGINT]
2026-03-16T22:54:04: PM2 log: pid=77032 msg=process killed
2026-03-16T22:54:04: PM2 log: Stopping app:rahul-frontend id:2
2026-03-16T22:54:04: PM2 log: App [rahul-frontend:2] exited with code [0] via signal [SIGINT]
2026-03-16T22:54:04: PM2 log: pid=77038 msg=process killed
2026-03-16T22:54:25: PM2 log: App [manual-bot:5] starting in -fork mode-
2026-03-16T22:54:25: PM2 log: App [manual-bot:5] online
2026-03-16T22:54:25: PM2 log: App [manual-frontend:6] starting in -fork mode-
2026-03-16T22:54:25: PM2 log: App [manual-frontend:6] online
2026-03-17T00:19:26: PM2 log: Stopping app:manual-bot id:5
2026-03-17T00:19:26: PM2 log: App [manual-bot:5] exited with code [0] via signal [SIGINT]
2026-03-17T00:19:26: PM2 log: pid=77887 msg=process killed
2026-03-17T00:19:26: PM2 log: Stopping app:manual-frontend id:6
2026-03-17T00:19:26: PM2 log: App [manual-frontend:6] exited with code [0] via signal [SIGINT]
2026-03-17T00:19:26: PM2 log: pid=77893 msg=process killed
2026-03-17T00:19:31: PM2 log: App [manual-bot:5] starting in -fork mode-
2026-03-17T00:19:31: PM2 log: App [manual-bot:5] online
2026-03-17T00:19:31: PM2 log: App [manual-frontend:6] starting in -fork mode-
2026-03-17T00:19:31: PM2 log: App [manual-frontend:6] online
2026-03-17T01:04:54: PM2 log: Stopping app:manual-bot id:5
2026-03-17T01:04:54: PM2 log: App [manual-bot:5] exited with code [0] via signal [SIGINT]
2026-03-17T01:04:55: PM2 log: pid=78698 msg=process killed
2026-03-17T01:04:55: PM2 log: Stopping app:manual-frontend id:6
2026-03-17T01:04:55: PM2 log: App [manual-frontend:6] exited with code [0] via signal [SIGINT]
2026-03-17T01:04:55: PM2 log: pid=78704 msg=process killed
2026-03-17T01:04:59: PM2 log: App [manual-bot:5] starting in -fork mode-
2026-03-17T01:04:59: PM2 log: App [manual-bot:5] online
2026-03-17T01:04:59: PM2 log: App [manual-frontend:6] starting in -fork mode-
2026-03-17T01:04:59: PM2 log: App [manual-frontend:6] online
2026-03-17T01:05:08: PM2 log: Stopping app:manual-bot id:5
2026-03-17T01:05:08: PM2 log: App [manual-bot:5] exited with code [0] via signal [SIGINT]
2026-03-17T01:05:08: PM2 log: pid=78959 msg=process killed
2026-03-17T01:05:08: PM2 log: App [manual-bot:5] starting in -fork mode-
2026-03-17T01:05:08: PM2 log: App [manual-bot:5] online
2026-03-17T01:05:08: PM2 log: Stopping app:manual-frontend id:6
2026-03-17T01:05:08: PM2 log: App [manual-frontend:6] exited with code [0] via signal [SIGINT]
2026-03-17T01:05:08: PM2 log: pid=78965 msg=process killed
2026-03-17T01:05:08: PM2 log: App [manual-frontend:6] starting in -fork mode-
2026-03-17T01:05:08: PM2 log: App [manual-frontend:6] online
2026-03-17T02:10:11: PM2 log: Stopping app:manual-bot id:5
2026-03-17T02:10:11: PM2 log: App [manual-bot:5] exited with code [0] via signal [SIGINT]
2026-03-17T02:10:11: PM2 log: pid=78993 msg=process killed
2026-03-17T02:10:11: PM2 log: Stopping app:manual-frontend id:6
2026-03-17T02:10:11: PM2 log: App [manual-frontend:6] exited with code [0] via signal [SIGINT]
2026-03-17T02:10:11: PM2 log: pid=79005 msg=process killed
2026-03-17T02:10:20: PM2 log: App [manual-bot:5] starting in -fork mode-
2026-03-17T02:10:20: PM2 log: App [manual-bot:5] online
2026-03-17T02:10:20: PM2 log: App [manual-frontend:6] starting in -fork mode-
2026-03-17T02:10:20: PM2 log: App [manual-frontend:6] online
2026-03-17T02:25:14: PM2 log: Stopping app:manual-bot id:5
2026-03-17T02:25:14: PM2 log: App [manual-bot:5] exited with code [0] via signal [SIGINT]
2026-03-17T02:25:14: PM2 log: pid=79261 msg=process killed
2026-03-17T02:25:14: PM2 log: Stopping app:manual-frontend id:6
2026-03-17T02:25:14: PM2 log: App [manual-frontend:6] exited with code [0] via signal [SIGINT]
2026-03-17T02:25:14: PM2 log: pid=79267 msg=process killed
2026-03-17T02:25:17: PM2 log: App [manual-bot:5] starting in -fork mode-
2026-03-17T02:25:17: PM2 log: App [manual-bot:5] online
2026-03-17T02:25:17: PM2 log: App [manual-frontend:6] starting in -fork mode-
2026-03-17T02:25:17: PM2 log: App [manual-frontend:6] online
2026-03-17T05:30:52: PM2 log: Stopping app:manual-bot id:5
2026-03-17T05:30:52: PM2 log: App [manual-bot:5] exited with code [0] via signal [SIGINT]
2026-03-17T05:30:52: PM2 log: pid=79401 msg=process killed
2026-03-17T05:30:52: PM2 log: Stopping app:manual-frontend id:6
2026-03-17T05:30:52: PM2 log: App [manual-frontend:6] exited with code [0] via signal [SIGINT]
2026-03-17T05:30:52: PM2 log: pid=79407 msg=process killed
2026-03-17T05:31:03: PM2 log: App [manual-bot:5] starting in -fork mode-
2026-03-17T05:31:03: PM2 log: App [manual-bot:5] online
2026-03-17T05:31:03: PM2 log: App [manual-frontend:6] starting in -fork mode-
2026-03-17T05:31:03: PM2 log: App [manual-frontend:6] online
2026-03-17T05:48:07: PM2 log: Stopping app:manual-bot id:5
2026-03-17T05:48:07: PM2 log: App [manual-bot:5] exited with code [0] via signal [SIGINT]
2026-03-17T05:48:07: PM2 log: pid=79883 msg=process killed
2026-03-17T05:48:07: PM2 log: Stopping app:manual-frontend id:6
2026-03-17T05:48:07: PM2 log: App [manual-frontend:6] exited with code [0] via signal [SIGINT]
2026-03-17T05:48:08: PM2 log: pid=79889 msg=process killed
2026-03-17T05:48:13: PM2 log: App [manual-bot:5] starting in -fork mode-
2026-03-17T05:48:13: PM2 log: App [manual-bot:5] online
2026-03-17T05:48:13: PM2 log: App [manual-frontend:6] starting in -fork mode-
2026-03-17T05:48:13: PM2 log: App [manual-frontend:6] online
2026-03-17T10:16:57: PM2 log: Stopping app:manual-bot id:5
2026-03-17T10:16:57: PM2 log: App [manual-bot:5] exited with code [0] via signal [SIGINT]
2026-03-17T10:16:57: PM2 log: pid=80031 msg=process killed
2026-03-17T10:16:57: PM2 log: Stopping app:manual-frontend id:6
2026-03-17T10:16:57: PM2 log: App [manual-frontend:6] exited with code [0] via signal [SIGINT]
2026-03-17T10:16:57: PM2 log: pid=80037 msg=process killed
2026-03-17T10:17:03: PM2 log: App [manual-bot:5] starting in -fork mode-
2026-03-17T10:17:03: PM2 log: App [manual-bot:5] online
2026-03-17T10:17:03: PM2 log: App [manual-frontend:6] starting in -fork mode-
2026-03-17T10:17:03: PM2 log: App [manual-frontend:6] online
2026-03-17T11:01:26: PM2 log: Stopping app:manual-bot id:5
2026-03-17T11:01:26: PM2 log: App [manual-bot:5] exited with code [0] via signal [SIGINT]
2026-03-17T11:01:26: PM2 log: pid=81267 msg=process killed
2026-03-17T11:01:26: PM2 log: Stopping app:manual-frontend id:6
2026-03-17T11:01:26: PM2 log: App [manual-frontend:6] exited with code [0] via signal [SIGINT]
2026-03-17T11:01:26: PM2 log: pid=81273 msg=process killed
2026-03-17T11:01:31: PM2 log: App [manual-bot:5] starting in -fork mode-
2026-03-17T11:01:31: PM2 log: App [manual-bot:5] online
2026-03-17T11:01:31: PM2 log: App [manual-frontend:6] starting in -fork mode-
2026-03-17T11:01:31: PM2 log: App [manual-frontend:6] online
2026-03-17T13:52:45: PM2 log: Stopping app:manual-bot id:5
2026-03-17T13:52:45: PM2 log: App [manual-bot:5] exited with code [0] via signal [SIGINT]
2026-03-17T13:52:45: PM2 log: pid=81455 msg=process killed
2026-03-17T13:52:45: PM2 log: Stopping app:manual-frontend id:6
2026-03-17T13:52:45: PM2 log: App [manual-frontend:6] exited with code [0] via signal [SIGINT]
2026-03-17T13:52:45: PM2 log: pid=81461 msg=process killed
2026-03-17T13:52:48: PM2 log: App [manual-bot:5] starting in -fork mode-
2026-03-17T13:52:48: PM2 log: App [manual-bot:5] online
2026-03-17T13:52:48: PM2 log: App [manual-frontend:6] starting in -fork mode-
2026-03-17T13:52:48: PM2 log: App [manual-frontend:6] online
2026-03-18T00:26:22: PM2 log: Stopping app:manual-bot id:5
2026-03-18T00:26:22: PM2 log: App [manual-bot:5] exited with code [0] via signal [SIGINT]
2026-03-18T00:26:22: PM2 log: pid=81942 msg=process killed
2026-03-18T00:26:22: PM2 log: Stopping app:manual-frontend id:6
2026-03-18T00:26:22: PM2 log: App [manual-frontend:6] exited with code [0] via signal [SIGINT]
2026-03-18T00:26:22: PM2 log: pid=81948 msg=process killed
2026-03-18T00:26:27: PM2 log: App [manual-bot:5] starting in -fork mode-
2026-03-18T00:26:27: PM2 log: App [manual-bot:5] online
2026-03-18T00:26:27: PM2 log: App [manual-frontend:6] starting in -fork mode-
2026-03-18T00:26:27: PM2 log: App [manual-frontend:6] online
2026-03-18T06:41:02: PM2 log: Stopping app:manual-bot id:5
2026-03-18T06:41:02: PM2 log: App [manual-bot:5] exited with code [0] via signal [SIGINT]
2026-03-18T06:41:02: PM2 log: pid=83668 msg=process killed
2026-03-18T06:41:02: PM2 log: Stopping app:manual-frontend id:6
2026-03-18T06:41:02: PM2 log: App [manual-frontend:6] exited with code [0] via signal [SIGINT]
2026-03-18T06:41:03: PM2 log: pid=83674 msg=process killed
2026-03-18T06:41:24: PM2 log: App [manual-bot:5] starting in -fork mode-
2026-03-18T06:41:24: PM2 log: App [manual-bot:5] online
2026-03-18T06:41:24: PM2 log: App [manual-frontend:6] starting in -fork mode-
2026-03-18T06:41:24: PM2 log: App [manual-frontend:6] online
2026-03-18T11:56:55: PM2 log: Stopping app:manual-bot id:5
2026-03-18T11:56:55: PM2 log: App [manual-bot:5] exited with code [0] via signal [SIGINT]
2026-03-18T11:56:55: PM2 log: pid=86370 msg=process killed
2026-03-18T11:56:55: PM2 log: Stopping app:manual-frontend id:6
2026-03-18T11:56:55: PM2 log: App [manual-frontend:6] exited with code [0] via signal [SIGINT]
2026-03-18T11:56:55: PM2 log: pid=86376 msg=process killed
2026-03-18T11:56:59: PM2 log: App [manual-bot:5] starting in -fork mode-
2026-03-18T11:56:59: PM2 log: App [manual-bot:5] online
2026-03-18T11:56:59: PM2 log: App [manual-frontend:6] starting in -fork mode-
2026-03-18T11:56:59: PM2 log: App [manual-frontend:6] online
2026-03-18T13:52:02: PM2 log: Stopping app:manual-bot id:5
2026-03-18T13:52:02: PM2 log: App [manual-bot:5] exited with code [0] via signal [SIGINT]
2026-03-18T13:52:02: PM2 log: pid=87022 msg=process killed
2026-03-18T13:52:02: PM2 log: Stopping app:manual-frontend id:6
2026-03-18T13:52:02: PM2 log: App [manual-frontend:6] exited with code [0] via signal [SIGINT]
2026-03-18T13:52:02: PM2 log: pid=87028 msg=process killed
2026-03-18T13:52:06: PM2 log: App [manual-bot:5] starting in -fork mode-
2026-03-18T13:52:06: PM2 log: App [manual-bot:5] online
2026-03-18T13:52:06: PM2 log: App [manual-frontend:6] starting in -fork mode-
2026-03-18T13:52:06: PM2 log: App [manual-frontend:6] online
2026-03-18T13:57:09: PM2 log: Stopping app:manual-bot id:5
2026-03-18T13:57:09: PM2 log: App [manual-bot:5] exited with code [0] via signal [SIGINT]
2026-03-18T13:57:09: PM2 log: pid=87388 msg=process killed
2026-03-18T13:57:09: PM2 log: Stopping app:manual-frontend id:6
2026-03-18T13:57:09: PM2 log: App [manual-frontend:6] exited with code [0] via signal [SIGINT]
2026-03-18T13:57:09: PM2 log: pid=87394 msg=process killed
2026-03-18T13:57:13: PM2 log: App [manual-bot:5] starting in -fork mode-
2026-03-18T13:57:13: PM2 log: App [manual-bot:5] online
2026-03-18T13:57:13: PM2 log: App [manual-frontend:6] starting in -fork mode-
2026-03-18T13:57:13: PM2 log: App [manual-frontend:6] online
2026-03-18T14:09:59: PM2 log: Stopping app:manual-bot id:5
2026-03-18T14:09:59: PM2 log: App [manual-bot:5] exited with code [0] via signal [SIGINT]
2026-03-18T14:09:59: PM2 log: pid=87438 msg=process killed
2026-03-18T14:09:59: PM2 log: Stopping app:manual-frontend id:6
2026-03-18T14:09:59: PM2 log: App [manual-frontend:6] exited with code [0] via signal [SIGINT]
2026-03-18T14:09:59: PM2 log: pid=87444 msg=process killed
2026-03-18T14:10:07: PM2 log: App [manual-bot:5] starting in -fork mode-
2026-03-18T14:10:07: PM2 log: App [manual-bot:5] online
2026-03-18T14:10:07: PM2 log: App [manual-frontend:6] starting in -fork mode-
2026-03-18T14:10:07: PM2 log: App [manual-frontend:6] online
2026-03-19T02:26:41: PM2 log: Stopping app:manual-bot id:5
2026-03-19T02:26:41: PM2 log: App [manual-bot:5] exited with code [0] via signal [SIGINT]
2026-03-19T02:26:41: PM2 log: pid=87603 msg=process killed
2026-03-19T02:26:41: PM2 log: Stopping app:manual-frontend id:6
2026-03-19T02:26:41: PM2 log: App [manual-frontend:6] exited with code [0] via signal [SIGINT]
2026-03-19T02:26:41: PM2 log: pid=87609 msg=process killed
2026-03-19T02:26:45: PM2 log: App [manual-bot:5] starting in -fork mode-
2026-03-19T02:26:45: PM2 log: App [manual-bot:5] online
2026-03-19T02:26:45: PM2 log: App [manual-frontend:6] starting in -fork mode-
2026-03-19T02:26:45: PM2 log: App [manual-frontend:6] online
2026-03-19T06:12:56: PM2 log: Stopping app:manual-bot id:5
2026-03-19T06:12:56: PM2 log: App [manual-bot:5] exited with code [0] via signal [SIGINT]
2026-03-19T06:12:56: PM2 log: pid=89597 msg=process killed
2026-03-19T06:12:56: PM2 log: Stopping app:manual-frontend id:6
2026-03-19T06:12:56: PM2 log: App [manual-frontend:6] exited with code [0] via signal [SIGINT]
2026-03-19T06:12:56: PM2 log: pid=89603 msg=process killed
2026-03-19T06:12:59: PM2 log: App [manual-bot:5] starting in -fork mode-
2026-03-19T06:12:59: PM2 log: App [manual-bot:5] online
2026-03-19T06:12:59: PM2 log: App [manual-frontend:6] starting in -fork mode-
2026-03-19T06:12:59: PM2 log: App [manual-frontend:6] online
2026-03-20T11:06:53: PM2 log: Stopping app:manual-bot id:5
2026-03-20T11:06:53: PM2 log: App [manual-bot:5] exited with code [0] via signal [SIGINT]
2026-03-20T11:06:53: PM2 log: pid=90274 msg=process killed
2026-03-20T11:06:53: PM2 log: Stopping app:manual-frontend id:6
2026-03-20T11:06:53: PM2 log: App [manual-frontend:6] exited with code [0] via signal [SIGINT]
2026-03-20T11:06:53: PM2 log: pid=90280 msg=process killed
2026-03-20T11:06:56: PM2 log: App [manual-bot:5] starting in -fork mode-
2026-03-20T11:06:56: PM2 log: App [manual-bot:5] online
2026-03-20T11:06:56: PM2 log: App [manual-frontend:6] starting in -fork mode-
2026-03-20T11:06:56: PM2 log: App [manual-frontend:6] online
2026-03-23T01:55:13: PM2 log: Stopping app:manual-bot id:5
2026-03-23T01:55:13: PM2 log: App [manual-bot:5] exited with code [0] via signal [SIGINT]
2026-03-23T01:55:14: PM2 log: pid=95295 msg=process killed
2026-03-23T01:55:14: PM2 log: Stopping app:manual-frontend id:6
2026-03-23T01:55:14: PM2 log: App [manual-frontend:6] exited with code [0] via signal [SIGINT]
2026-03-23T01:55:14: PM2 log: pid=95301 msg=process killed
2026-03-23T01:55:17: PM2 log: App [manual-bot:5] starting in -fork mode-
2026-03-23T01:55:17: PM2 log: App [manual-bot:5] online
2026-03-23T01:55:17: PM2 log: App [manual-frontend:6] starting in -fork mode-
2026-03-23T01:55:17: PM2 log: App [manual-frontend:6] online
2026-03-25T05:17:09: PM2 log: Stopping app:manual-bot id:5
2026-03-25T05:17:09: PM2 log: App [manual-bot:5] exited with code [0] via signal [SIGINT]
2026-03-25T05:17:09: PM2 log: pid=106437 msg=process killed
2026-03-25T05:17:09: PM2 log: Stopping app:manual-frontend id:6
2026-03-25T05:17:09: PM2 log: App [manual-frontend:6] exited with code [0] via signal [SIGINT]
2026-03-25T05:17:09: PM2 log: pid=106443 msg=process killed
2026-03-25T05:17:13: PM2 log: App [manual-bot:5] starting in -fork mode-
2026-03-25T05:17:13: PM2 log: App [manual-bot:5] online
2026-03-25T05:17:13: PM2 log: App [manual-frontend:6] starting in -fork mode-
2026-03-25T05:17:13: PM2 log: App [manual-frontend:6] online
2026-03-26T06:41:38: PM2 log: Stopping app:manual-bot id:5
2026-03-26T06:41:38: PM2 log: App [manual-bot:5] exited with code [0] via signal [SIGINT]
2026-03-26T06:41:38: PM2 log: pid=115652 msg=process killed
2026-03-26T06:41:38: PM2 log: Stopping app:manual-frontend id:6
2026-03-26T06:41:38: PM2 log: App [manual-frontend:6] exited with code [0] via signal [SIGINT]
2026-03-26T06:41:39: PM2 log: pid=115658 msg=process killed
2026-03-26T06:41:42: PM2 log: App [manual-bot:5] starting in -fork mode-
2026-03-26T06:41:42: PM2 log: App [manual-bot:5] online
2026-03-26T06:41:42: PM2 log: App [manual-frontend:6] starting in -fork mode-
2026-03-26T06:41:42: PM2 log: App [manual-frontend:6] online
2026-03-26T08:00:55: PM2 log: Stopping app:manual-bot id:5
2026-03-26T08:00:55: PM2 log: App [manual-bot:5] exited with code [0] via signal [SIGINT]
2026-03-26T08:00:55: PM2 log: pid=125097 msg=process killed
2026-03-26T08:00:55: PM2 log: Stopping app:manual-frontend id:6
2026-03-26T08:00:55: PM2 log: App [manual-frontend:6] exited with code [0] via signal [SIGINT]
2026-03-26T08:00:55: PM2 log: pid=125103 msg=process killed
2026-03-26T08:00:59: PM2 log: App [manual-bot:5] starting in -fork mode-
2026-03-26T08:00:59: PM2 log: App [manual-bot:5] online
2026-03-26T08:00:59: PM2 log: App [manual-frontend:6] starting in -fork mode-
2026-03-26T08:00:59: PM2 log: App [manual-frontend:6] online
2026-03-27T01:13:08: PM2 log: Stopping app:manual-bot id:5
2026-03-27T01:13:08: PM2 log: App [manual-bot:5] exited with code [0] via signal [SIGINT]
2026-03-27T01:13:08: PM2 log: pid=125869 msg=process killed
2026-03-27T01:13:08: PM2 log: Stopping app:manual-frontend id:6
2026-03-27T01:13:08: PM2 log: App [manual-frontend:6] exited with code [0] via signal [SIGINT]
2026-03-27T01:13:08: PM2 log: pid=125875 msg=process killed
2026-03-27T01:13:23: PM2 log: App [manual-bot:5] starting in -fork mode-
2026-03-27T01:13:23: PM2 log: App [manual-bot:5] online
2026-03-27T01:13:23: PM2 log: App [manual-frontend:6] starting in -fork mode-
2026-03-27T01:13:23: PM2 log: App [manual-frontend:6] online
2026-03-27T15:16:27: PM2 log: Stopping app:manual-bot id:5
2026-03-27T15:16:27: PM2 log: App [manual-bot:5] exited with code [0] via signal [SIGINT]
2026-03-27T15:16:27: PM2 log: pid=128037 msg=process killed
2026-03-27T15:16:27: PM2 log: Stopping app:manual-frontend id:6
2026-03-27T15:16:27: PM2 log: App [manual-frontend:6] exited with code [0] via signal [SIGINT]
2026-03-27T15:16:27: PM2 log: pid=128043 msg=process killed
2026-03-27T15:16:30: PM2 log: App [manual-bot:5] starting in -fork mode-
2026-03-27T15:16:30: PM2 log: App [manual-bot:5] online
2026-03-27T15:16:30: PM2 log: App [manual-frontend:6] starting in -fork mode-
2026-03-27T15:16:30: PM2 log: App [manual-frontend:6] online
2026-03-27T15:33:19: PM2 log: Stopping app:manual-bot id:5
2026-03-27T15:33:19: PM2 log: App [manual-bot:5] exited with code [0] via signal [SIGINT]
2026-03-27T15:33:19: PM2 log: pid=130994 msg=process killed
2026-03-27T15:33:19: PM2 log: Stopping app:manual-frontend id:6
2026-03-27T15:33:19: PM2 log: App [manual-frontend:6] exited with code [0] via signal [SIGINT]
2026-03-27T15:33:19: PM2 log: pid=131000 msg=process killed
2026-03-27T15:33:23: PM2 log: App [manual-bot:5] starting in -fork mode-
2026-03-27T15:33:23: PM2 log: App [manual-bot:5] online
2026-03-27T15:33:23: PM2 log: App [manual-frontend:6] starting in -fork mode-
2026-03-27T15:33:23: PM2 log: App [manual-frontend:6] online
2026-03-28T00:45:52: PM2 log: Stopping app:manual-bot id:5
2026-03-28T00:45:52: PM2 log: App [manual-bot:5] exited with code [0] via signal [SIGINT]
2026-03-28T00:45:52: PM2 log: pid=131127 msg=process killed
2026-03-28T00:45:52: PM2 log: Stopping app:manual-frontend id:6
2026-03-28T00:45:52: PM2 log: App [manual-frontend:6] exited with code [0] via signal [SIGINT]
2026-03-28T00:45:52: PM2 log: pid=131133 msg=process killed
2026-03-28T00:45:54: PM2 log: App [manual-bot:5] starting in -fork mode-
2026-03-28T00:45:54: PM2 log: App [manual-bot:5] online
2026-03-28T00:45:54: PM2 log: App [manual-frontend:6] starting in -fork mode-
2026-03-28T00:45:54: PM2 log: App [manual-frontend:6] online
2026-03-28T04:16:13: PM2 log: Stopping app:manual-bot id:5
2026-03-28T04:16:13: PM2 log: App [manual-bot:5] exited with code [0] via signal [SIGINT]
2026-03-28T04:16:13: PM2 log: pid=132746 msg=process killed
2026-03-28T04:16:13: PM2 log: Stopping app:manual-frontend id:6
2026-03-28T04:16:13: PM2 log: App [manual-frontend:6] exited with code [0] via signal [SIGINT]
2026-03-28T04:16:13: PM2 log: pid=132752 msg=process killed
2026-03-28T04:16:18: PM2 log: App [manual-bot:5] starting in -fork mode-
2026-03-28T04:16:18: PM2 log: App [manual-bot:5] online
2026-03-28T04:16:18: PM2 log: App [manual-frontend:6] starting in -fork mode-
2026-03-28T04:16:18: PM2 log: App [manual-frontend:6] online
2026-03-29T01:17:39: PM2 log: Stopping app:manual-bot id:5
2026-03-29T01:17:39: PM2 log: App [manual-bot:5] exited with code [0] via signal [SIGINT]
2026-03-29T01:17:39: PM2 log: pid=133414 msg=process killed
2026-03-29T01:17:39: PM2 log: Stopping app:manual-frontend id:6
2026-03-29T01:17:39: PM2 log: App [manual-frontend:6] exited with code [0] via signal [SIGINT]
2026-03-29T01:17:39: PM2 log: pid=133420 msg=process killed
2026-03-29T01:17:42: PM2 log: App [manual-bot:5] starting in -fork mode-
2026-03-29T01:17:42: PM2 log: App [manual-bot:5] online
2026-03-29T01:17:42: PM2 log: App [manual-frontend:6] starting in -fork mode-
2026-03-29T01:17:42: PM2 log: App [manual-frontend:6] online
2026-03-29T15:55:45: PM2 log: Stopping app:manual-bot id:5
2026-03-29T15:55:45: PM2 log: App [manual-bot:5] exited with code [0] via signal [SIGINT]
2026-03-29T15:55:45: PM2 log: pid=136898 msg=process killed
2026-03-29T15:55:45: PM2 log: Stopping app:manual-frontend id:6
2026-03-29T15:55:45: PM2 log: App [manual-frontend:6] exited with code [0] via signal [SIGINT]
2026-03-29T15:55:45: PM2 log: pid=136904 msg=process killed
2026-03-29T15:55:48: PM2 log: App [manual-bot:5] starting in -fork mode-
2026-03-29T15:55:48: PM2 log: App [manual-bot:5] online
2026-03-29T15:55:48: PM2 log: App [manual-frontend:6] starting in -fork mode-
2026-03-29T15:55:48: PM2 log: App [manual-frontend:6] online
2026-03-30T00:34:01: PM2 log: Stopping app:manual-bot id:5
2026-03-30T00:34:01: PM2 log: App [manual-bot:5] exited with code [0] via signal [SIGINT]
2026-03-30T00:34:01: PM2 log: pid=140072 msg=process killed
2026-03-30T00:34:01: PM2 log: Stopping app:manual-frontend id:6
2026-03-30T00:34:01: PM2 log: App [manual-frontend:6] exited with code [0] via signal [SIGINT]
2026-03-30T00:34:01: PM2 log: pid=140078 msg=process killed
2026-03-30T00:34:03: PM2 log: App [manual-bot:5] starting in -fork mode-
2026-03-30T00:34:03: PM2 log: App [manual-bot:5] online
2026-03-30T00:34:03: PM2 log: App [manual-frontend:6] starting in -fork mode-
2026-03-30T00:34:03: PM2 log: App [manual-frontend:6] online
2026-03-30T01:52:03: PM2 log: Stopping app:manual-bot id:5
2026-03-30T01:52:03: PM2 log: App [manual-bot:5] exited with code [0] via signal [SIGINT]
2026-03-30T01:52:03: PM2 log: pid=141868 msg=process killed
2026-03-30T01:52:03: PM2 log: Stopping app:manual-frontend id:6
2026-03-30T01:52:03: PM2 log: App [manual-frontend:6] exited with code [0] via signal [SIGINT]
2026-03-30T01:52:03: PM2 log: pid=141874 msg=process killed
2026-03-30T01:52:16: PM2 log: App [manual-bot:5] starting in -fork mode-
2026-03-30T01:52:16: PM2 log: App [manual-bot:5] online
2026-03-30T01:52:16: PM2 log: App [manual-frontend:6] starting in -fork mode-
2026-03-30T01:52:16: PM2 log: App [manual-frontend:6] online
2026-03-30T02:20:14: PM2 log: Stopping app:manual-bot id:5
2026-03-30T02:20:14: PM2 log: App [manual-bot:5] exited with code [0] via signal [SIGINT]
2026-03-30T02:20:14: PM2 log: pid=143101 msg=process killed
2026-03-30T02:20:14: PM2 log: Stopping app:manual-frontend id:6
2026-03-30T02:20:14: PM2 log: App [manual-frontend:6] exited with code [0] via signal [SIGINT]
2026-03-30T02:20:14: PM2 log: pid=143107 msg=process killed
2026-03-30T02:20:23: PM2 log: App [manual-bot:5] starting in -fork mode-
2026-03-30T02:20:23: PM2 log: App [manual-bot:5] online
2026-03-30T02:20:23: PM2 log: App [manual-frontend:6] starting in -fork mode-
2026-03-30T02:20:23: PM2 log: App [manual-frontend:6] online
2026-03-30T03:52:44: PM2 log: Stopping app:manual-bot id:5
2026-03-30T03:52:44: PM2 log: App [manual-bot:5] exited with code [0] via signal [SIGINT]
2026-03-30T03:52:44: PM2 log: pid=143285 msg=process killed
2026-03-30T03:52:44: PM2 log: Stopping app:manual-frontend id:6
2026-03-30T03:52:44: PM2 log: App [manual-frontend:6] exited with code [0] via signal [SIGINT]
2026-03-30T03:52:44: PM2 log: pid=143291 msg=process killed
2026-03-30T03:52:47: PM2 log: App [manual-bot:5] starting in -fork mode-
2026-03-30T03:52:47: PM2 log: App [manual-bot:5] online
2026-03-30T03:52:47: PM2 log: App [manual-frontend:6] starting in -fork mode-
2026-03-30T03:52:47: PM2 log: App [manual-frontend:6] online
2026-03-30T03:52:58: PM2 log: Stopping app:manual-bot id:5
2026-03-30T03:52:58: PM2 log: App [manual-bot:5] exited with code [0] via signal [SIGINT]
2026-03-30T03:52:58: PM2 log: pid=143649 msg=process killed
2026-03-30T03:52:58: PM2 log: App [manual-bot:5] starting in -fork mode-
2026-03-30T03:52:58: PM2 log: App [manual-bot:5] online
2026-03-30T03:52:58: PM2 log: Stopping app:manual-frontend id:6
2026-03-30T03:52:58: PM2 log: App [manual-frontend:6] exited with code [0] via signal [SIGINT]
2026-03-30T03:52:58: PM2 log: pid=143655 msg=process killed
2026-03-30T03:52:58: PM2 log: App [manual-frontend:6] starting in -fork mode-
2026-03-30T03:52:58: PM2 log: App [manual-frontend:6] online
2026-03-30T14:51:45: PM2 log: Stopping app:manual-bot id:5
2026-03-30T14:51:45: PM2 log: App [manual-bot:5] exited with code [0] via signal [SIGINT]
2026-03-30T14:51:45: PM2 log: pid=143686 msg=process killed
2026-03-30T14:51:45: PM2 log: Stopping app:manual-frontend id:6
2026-03-30T14:51:45: PM2 log: App [manual-frontend:6] exited with code [0] via signal [SIGINT]
2026-03-30T14:51:45: PM2 log: pid=143698 msg=process killed
2026-03-30T14:52:04: PM2 log: App [manual-bot:5] starting in -fork mode-
2026-03-30T14:52:04: PM2 log: App [manual-bot:5] online
2026-03-30T14:52:04: PM2 log: App [manual-frontend:6] starting in -fork mode-
2026-03-30T14:52:04: PM2 log: App [manual-frontend:6] online
2026-03-30T20:38:47: PM2 log: Stopping app:manual-bot id:5
2026-03-30T20:38:47: PM2 log: App [manual-bot:5] exited with code [0] via signal [SIGINT]
2026-03-30T20:38:47: PM2 log: pid=147098 msg=process killed
2026-03-30T20:38:47: PM2 log: Stopping app:manual-frontend id:6
2026-03-30T20:38:47: PM2 log: App [manual-frontend:6] exited with code [0] via signal [SIGINT]
2026-03-30T20:38:47: PM2 log: pid=147104 msg=process killed
2026-03-30T20:39:11: PM2 log: App [manual-bot:5] starting in -fork mode-
2026-03-30T20:39:11: PM2 log: App [manual-bot:5] online
2026-03-30T20:39:11: PM2 log: App [manual-frontend:6] starting in -fork mode-
2026-03-30T20:39:11: PM2 log: App [manual-frontend:6] online
2026-03-31T01:34:33: PM2 log: Stopping app:manual-bot id:5
2026-03-31T01:34:33: PM2 log: App [manual-bot:5] exited with code [0] via signal [SIGINT]
2026-03-31T01:34:33: PM2 log: pid=148260 msg=process killed
2026-03-31T01:34:33: PM2 log: Stopping app:manual-frontend id:6
2026-03-31T01:34:33: PM2 log: App [manual-frontend:6] exited with code [0] via signal [SIGINT]
2026-03-31T01:34:34: PM2 log: pid=148266 msg=process killed
2026-03-31T01:34:37: PM2 log: App [manual-bot:5] starting in -fork mode-
2026-03-31T01:34:37: PM2 log: App [manual-bot:5] online
2026-03-31T01:34:37: PM2 log: App [manual-frontend:6] starting in -fork mode-
2026-03-31T01:34:37: PM2 log: App [manual-frontend:6] online
2026-03-31T05:42:06: PM2 log: Stopping app:manual-bot id:5
2026-03-31T05:42:06: PM2 log: App [manual-bot:5] exited with code [0] via signal [SIGINT]
2026-03-31T05:42:06: PM2 log: pid=149235 msg=process killed
2026-03-31T05:42:06: PM2 log: Stopping app:manual-frontend id:6
2026-03-31T05:42:06: PM2 log: App [manual-frontend:6] exited with code [0] via signal [SIGINT]
2026-03-31T05:42:06: PM2 log: pid=149241 msg=process killed
2026-03-31T05:42:19: PM2 log: App [manual-bot:5] starting in -fork mode-
2026-03-31T05:42:19: PM2 log: App [manual-bot:5] online
2026-03-31T05:42:19: PM2 log: App [manual-frontend:6] starting in -fork mode-
2026-03-31T05:42:19: PM2 log: App [manual-frontend:6] online
2026-03-31T09:51:13: PM2 log: Stopping app:manual-bot id:5
2026-03-31T09:51:13: PM2 log: App [manual-bot:5] exited with code [0] via signal [SIGINT]
2026-03-31T09:51:13: PM2 log: pid=150330 msg=process killed
2026-03-31T09:51:13: PM2 log: Stopping app:manual-frontend id:6
2026-03-31T09:51:13: PM2 log: App [manual-frontend:6] exited with code [0] via signal [SIGINT]
2026-03-31T09:51:13: PM2 log: pid=150336 msg=process killed
2026-03-31T09:51:26: PM2 log: App [manual-bot:5] starting in -fork mode-
2026-03-31T09:51:26: PM2 log: App [manual-bot:5] online
2026-03-31T09:51:26: PM2 log: App [manual-frontend:6] starting in -fork mode-
2026-03-31T09:51:26: PM2 log: App [manual-frontend:6] online
2026-03-31T10:58:07: PM2 log: Stopping app:manual-bot id:5
2026-03-31T10:58:07: PM2 log: App [manual-bot:5] exited with code [0] via signal [SIGINT]
2026-03-31T10:58:08: PM2 log: pid=152035 msg=process killed
2026-03-31T10:58:08: PM2 log: Stopping app:manual-frontend id:6
2026-03-31T10:58:08: PM2 log: App [manual-frontend:6] exited with code [0] via signal [SIGINT]
2026-03-31T10:58:08: PM2 log: pid=152041 msg=process killed
2026-03-31T10:58:11: PM2 log: App [manual-bot:5] starting in -fork mode-
2026-03-31T10:58:11: PM2 log: App [manual-bot:5] online
2026-03-31T10:58:11: PM2 log: App [manual-frontend:6] starting in -fork mode-
2026-03-31T10:58:12: PM2 log: App [manual-frontend:6] online
2026-03-31T14:21:56: PM2 log: Stopping app:manual-bot id:5
2026-03-31T14:21:56: PM2 log: App [manual-bot:5] exited with code [0] via signal [SIGINT]
2026-03-31T14:21:56: PM2 log: pid=152277 msg=process killed
2026-03-31T14:21:56: PM2 log: Stopping app:manual-frontend id:6
2026-03-31T14:21:56: PM2 log: App [manual-frontend:6] exited with code [0] via signal [SIGINT]
2026-03-31T14:21:56: PM2 log: pid=152283 msg=process killed
2026-03-31T14:21:59: PM2 log: App [manual-bot:5] starting in -fork mode-
2026-03-31T14:21:59: PM2 log: App [manual-bot:5] online
2026-03-31T14:21:59: PM2 log: App [manual-frontend:6] starting in -fork mode-
2026-03-31T14:21:59: PM2 log: App [manual-frontend:6] online
2026-04-01T05:22:23: PM2 log: Stopping app:manual-bot id:5
2026-04-01T05:22:23: PM2 log: App [manual-bot:5] exited with code [0] via signal [SIGINT]
2026-04-01T05:22:24: PM2 log: pid=153163 msg=process killed
2026-04-01T05:22:24: PM2 log: Stopping app:manual-frontend id:6
2026-04-01T05:22:24: PM2 log: App [manual-frontend:6] exited with code [0] via signal [SIGINT]
2026-04-01T05:22:24: PM2 log: pid=153169 msg=process killed
2026-04-01T05:22:27: PM2 log: App [manual-bot:5] starting in -fork mode-
2026-04-01T05:22:27: PM2 log: App [manual-bot:5] online
2026-04-01T05:22:27: PM2 log: App [manual-frontend:6] starting in -fork mode-
2026-04-01T05:22:27: PM2 log: App [manual-frontend:6] online
2026-04-01T07:24:45: PM2 log: Stopping app:manual-bot id:5
2026-04-01T07:24:45: PM2 log: App [manual-bot:5] exited with code [0] via signal [SIGINT]
2026-04-01T07:24:45: PM2 log: pid=156202 msg=process killed
2026-04-01T07:24:45: PM2 log: Stopping app:manual-frontend id:6
2026-04-01T07:24:45: PM2 log: App [manual-frontend:6] exited with code [0] via signal [SIGINT]
2026-04-01T07:24:45: PM2 log: pid=156208 msg=process killed
2026-04-01T07:24:48: PM2 log: App [manual-bot:5] starting in -fork mode-
2026-04-01T07:24:48: PM2 log: App [manual-bot:5] online
2026-04-01T07:24:48: PM2 log: App [manual-frontend:6] starting in -fork mode-
2026-04-01T07:24:48: PM2 log: App [manual-frontend:6] online
2026-04-02T05:31:42: PM2 log: Stopping app:manual-bot id:5
2026-04-02T05:31:42: PM2 log: App [manual-bot:5] exited with code [0] via signal [SIGINT]
2026-04-02T05:31:43: PM2 log: pid=156723 msg=process killed
2026-04-02T05:31:43: PM2 log: Stopping app:manual-frontend id:6
2026-04-02T05:31:43: PM2 log: App [manual-frontend:6] exited with code [0] via signal [SIGINT]
2026-04-02T05:31:43: PM2 log: pid=156729 msg=process killed
2026-04-02T05:31:46: PM2 log: App [manual-bot:5] starting in -fork mode-
2026-04-02T05:31:46: PM2 log: App [manual-bot:5] online
2026-04-02T05:31:46: PM2 log: App [manual-frontend:6] starting in -fork mode-
2026-04-02T05:31:46: PM2 log: App [manual-frontend:6] online
2026-04-02T08:12:36: PM2 log: Stopping app:manual-bot id:5
2026-04-02T08:12:36: PM2 log: App [manual-bot:5] exited with code [0] via signal [SIGINT]
2026-04-02T08:12:36: PM2 log: pid=160755 msg=process killed
2026-04-02T08:12:36: PM2 log: Stopping app:manual-frontend id:6
2026-04-02T08:12:36: PM2 log: App [manual-frontend:6] exited with code [0] via signal [SIGINT]
2026-04-02T08:12:37: PM2 log: pid=160761 msg=process killed
2026-04-02T08:12:44: PM2 log: App [manual-bot:5] starting in -fork mode-
2026-04-02T08:12:44: PM2 log: App [manual-bot:5] online
2026-04-02T08:12:44: PM2 log: App [manual-frontend:6] starting in -fork mode-
2026-04-02T08:12:44: PM2 log: App [manual-frontend:6] online
2026-04-02T08:41:33: PM2 log: Stopping app:manual-bot id:5
2026-04-02T08:41:33: PM2 log: App [manual-bot:5] exited with code [0] via signal [SIGINT]
2026-04-02T08:41:33: PM2 log: pid=162224 msg=process killed
2026-04-02T08:41:33: PM2 log: Stopping app:manual-frontend id:6
2026-04-02T08:41:33: PM2 log: App [manual-frontend:6] exited with code [0] via signal [SIGINT]
2026-04-02T08:41:33: PM2 log: pid=162230 msg=process killed
2026-04-02T08:41:39: PM2 log: App [manual-bot:5] starting in -fork mode-
2026-04-02T08:41:39: PM2 log: App [manual-bot:5] online
2026-04-02T08:41:39: PM2 log: App [manual-frontend:6] starting in -fork mode-
2026-04-02T08:41:39: PM2 log: App [manual-frontend:6] online
2026-04-02T10:34:29: PM2 log: Stopping app:manual-bot id:5
2026-04-02T10:34:29: PM2 log: App [manual-bot:5] exited with code [0] via signal [SIGINT]
2026-04-02T10:34:29: PM2 log: pid=162587 msg=process killed
2026-04-02T10:34:29: PM2 log: Stopping app:manual-frontend id:6
2026-04-02T10:34:29: PM2 log: App [manual-frontend:6] exited with code [0] via signal [SIGINT]
2026-04-02T10:34:30: PM2 log: pid=162593 msg=process killed
2026-04-02T10:34:32: PM2 log: App [manual-bot:5] starting in -fork mode-
2026-04-02T10:34:32: PM2 log: App [manual-bot:5] online
2026-04-02T10:34:32: PM2 log: App [manual-frontend:6] starting in -fork mode-
2026-04-02T10:34:32: PM2 log: App [manual-frontend:6] online
2026-04-02T13:19:03: PM2 log: Stopping app:manual-bot id:5
2026-04-02T13:19:03: PM2 log: App [manual-bot:5] exited with code [0] via signal [SIGINT]
2026-04-02T13:19:03: PM2 log: pid=162948 msg=process killed
2026-04-02T13:19:03: PM2 log: Stopping app:manual-frontend id:6
2026-04-02T13:19:03: PM2 log: App [manual-frontend:6] exited with code [0] via signal [SIGINT]
2026-04-02T13:19:04: PM2 log: pid=162954 msg=process killed
2026-04-02T13:19:06: PM2 log: App [manual-bot:5] starting in -fork mode-
2026-04-02T13:19:06: PM2 log: App [manual-bot:5] online
2026-04-02T13:19:06: PM2 log: App [manual-frontend:6] starting in -fork mode-
2026-04-02T13:19:06: PM2 log: App [manual-frontend:6] online
2026-04-02T13:36:00: PM2 log: Stopping app:manual-bot id:5
2026-04-02T13:36:00: PM2 log: App [manual-bot:5] exited with code [0] via signal [SIGINT]
2026-04-02T13:36:00: PM2 log: pid=163381 msg=process killed
2026-04-02T13:36:00: PM2 log: Stopping app:manual-frontend id:6
2026-04-02T13:36:00: PM2 log: App [manual-frontend:6] exited with code [0] via signal [SIGINT]
2026-04-02T13:36:00: PM2 log: pid=163387 msg=process killed
2026-04-02T13:36:02: PM2 log: App [manual-bot:5] starting in -fork mode-
2026-04-02T13:36:02: PM2 log: App [manual-bot:5] online
2026-04-02T13:36:02: PM2 log: App [manual-frontend:6] starting in -fork mode-
2026-04-02T13:36:02: PM2 log: App [manual-frontend:6] online
2026-04-03T02:34:31: PM2 log: Stopping app:manual-bot id:5
2026-04-03T02:34:31: PM2 log: App [manual-bot:5] exited with code [0] via signal [SIGINT]
2026-04-03T02:34:31: PM2 log: pid=163513 msg=process killed
2026-04-03T02:34:31: PM2 log: Stopping app:manual-frontend id:6
2026-04-03T02:34:31: PM2 log: App [manual-frontend:6] exited with code [0] via signal [SIGINT]
2026-04-03T02:34:31: PM2 log: pid=163519 msg=process killed
2026-04-03T02:34:34: PM2 log: App [manual-bot:5] starting in -fork mode-
2026-04-03T02:34:34: PM2 log: App [manual-bot:5] online
2026-04-03T02:34:34: PM2 log: App [manual-frontend:6] starting in -fork mode-
2026-04-03T02:34:34: PM2 log: App [manual-frontend:6] online
2026-04-03T07:27:56: PM2 log: Stopping app:manual-bot id:5
2026-04-03T07:27:56: PM2 log: App [manual-bot:5] exited with code [0] via signal [SIGINT]
2026-04-03T07:27:56: PM2 log: pid=166175 msg=process killed
2026-04-03T07:27:56: PM2 log: Stopping app:manual-frontend id:6
2026-04-03T07:27:56: PM2 log: App [manual-frontend:6] exited with code [0] via signal [SIGINT]
2026-04-03T07:27:56: PM2 log: pid=166181 msg=process killed
2026-04-03T07:28:02: PM2 log: App [manual-bot:5] starting in -fork mode-
2026-04-03T07:28:02: PM2 log: App [manual-bot:5] online
2026-04-03T07:28:02: PM2 log: App [manual-frontend:6] starting in -fork mode-
2026-04-03T07:28:02: PM2 log: App [manual-frontend:6] online
2026-04-03T14:03:27: PM2 log: Stopping app:manual-bot id:5
2026-04-03T14:03:27: PM2 log: App [manual-bot:5] exited with code [0] via signal [SIGINT]
2026-04-03T14:03:27: PM2 log: pid=172741 msg=process killed
2026-04-03T14:03:27: PM2 log: Stopping app:manual-frontend id:6
2026-04-03T14:03:27: PM2 log: App [manual-frontend:6] exited with code [0] via signal [SIGINT]
2026-04-03T14:03:27: PM2 log: pid=172747 msg=process killed
2026-04-03T14:03:31: PM2 log: App [manual-bot:5] starting in -fork mode-
2026-04-03T14:03:31: PM2 log: App [manual-bot:5] online
2026-04-03T14:03:31: PM2 log: App [manual-frontend:6] starting in -fork mode-
2026-04-03T14:03:31: PM2 log: App [manual-frontend:6] online
2026-04-03T15:04:04: PM2 log: Stopping app:manual-bot id:5
2026-04-03T15:04:05: PM2 log: App [manual-bot:5] exited with code [0] via signal [SIGINT]
2026-04-03T15:04:05: PM2 log: pid=173911 msg=process killed
2026-04-03T15:04:05: PM2 log: Stopping app:manual-frontend id:6
2026-04-03T15:04:05: PM2 log: App [manual-frontend:6] exited with code [0] via signal [SIGINT]
2026-04-03T15:04:05: PM2 log: pid=173917 msg=process killed
2026-04-03T15:04:09: PM2 log: App [manual-bot:5] starting in -fork mode-
2026-04-03T15:04:09: PM2 log: App [manual-bot:5] online
2026-04-03T15:04:09: PM2 log: App [manual-frontend:6] starting in -fork mode-
2026-04-03T15:04:09: PM2 log: App [manual-frontend:6] online
2026-04-05T01:06:28: PM2 log: Stopping app:manual-bot id:5
2026-04-05T01:06:28: PM2 log: App [manual-bot:5] exited with code [0] via signal [SIGINT]
2026-04-05T01:06:29: PM2 log: pid=174316 msg=process killed
2026-04-05T01:06:29: PM2 log: Stopping app:manual-frontend id:6
2026-04-05T01:06:29: PM2 log: App [manual-frontend:6] exited with code [0] via signal [SIGINT]
2026-04-05T01:06:29: PM2 log: pid=174322 msg=process killed
2026-04-05T01:06:31: PM2 log: App [manual-bot:5] starting in -fork mode-
2026-04-05T01:06:31: PM2 log: App [manual-bot:5] online
2026-04-05T01:06:31: PM2 log: App [manual-frontend:6] starting in -fork mode-
2026-04-05T01:06:31: PM2 log: App [manual-frontend:6] online
2026-04-05T01:18:25: PM2 log: Stopping app:manual-bot id:5
2026-04-05T01:18:25: PM2 log: App [manual-bot:5] exited with code [0] via signal [SIGINT]
2026-04-05T01:18:25: PM2 log: pid=180270 msg=process killed
2026-04-05T01:18:25: PM2 log: Stopping app:manual-frontend id:6
2026-04-05T01:18:25: PM2 log: App [manual-frontend:6] exited with code [0] via signal [SIGINT]
2026-04-05T01:18:25: PM2 log: pid=180276 msg=process killed
2026-04-05T01:18:28: PM2 log: App [manual-bot:5] starting in -fork mode-
2026-04-05T01:18:28: PM2 log: App [manual-bot:5] online
2026-04-05T01:18:28: PM2 log: App [manual-frontend:6] starting in -fork mode-
2026-04-05T01:18:28: PM2 log: App [manual-frontend:6] online
2026-04-05T03:24:34: PM2 log: Stopping app:manual-bot id:5
2026-04-05T03:24:34: PM2 log: App [manual-bot:5] exited with code [0] via signal [SIGINT]
2026-04-05T03:24:34: PM2 log: pid=180397 msg=process killed
2026-04-05T03:24:34: PM2 log: Stopping app:manual-frontend id:6
2026-04-05T03:24:34: PM2 log: App [manual-frontend:6] exited with code [0] via signal [SIGINT]
2026-04-05T03:24:34: PM2 log: pid=180403 msg=process killed
2026-04-05T03:24:36: PM2 log: App [manual-bot:5] starting in -fork mode-
2026-04-05T03:24:36: PM2 log: App [manual-bot:5] online
2026-04-05T03:24:36: PM2 log: App [manual-frontend:6] starting in -fork mode-
2026-04-05T03:24:36: PM2 log: App [manual-frontend:6] online
2026-04-05T04:27:01: PM2 log: Stopping app:manual-bot id:5
2026-04-05T04:27:01: PM2 log: App [manual-bot:5] exited with code [0] via signal [SIGINT]
2026-04-05T04:27:01: PM2 log: pid=180855 msg=process killed
2026-04-05T04:27:01: PM2 log: Stopping app:manual-frontend id:6
2026-04-05T04:27:01: PM2 log: App [manual-frontend:6] exited with code [0] via signal [SIGINT]
2026-04-05T04:27:02: PM2 log: pid=180861 msg=process killed
2026-04-05T04:27:11: PM2 log: App [manual-bot:5] starting in -fork mode-
2026-04-05T04:27:11: PM2 log: App [manual-bot:5] online
2026-04-05T04:27:11: PM2 log: App [manual-frontend:6] starting in -fork mode-
2026-04-05T04:27:11: PM2 log: App [manual-frontend:6] online
2026-04-05T07:07:29: PM2 log: Stopping app:manual-bot id:5
2026-04-05T07:07:29: PM2 log: App [manual-bot:5] exited with code [0] via signal [SIGINT]
2026-04-05T07:07:29: PM2 log: pid=181288 msg=process killed
2026-04-05T07:07:29: PM2 log: Stopping app:manual-frontend id:6
2026-04-05T07:07:29: PM2 log: App [manual-frontend:6] exited with code [0] via signal [SIGINT]
2026-04-05T07:07:29: PM2 log: pid=181294 msg=process killed
2026-04-05T07:07:33: PM2 log: App [manual-bot:5] starting in -fork mode-
2026-04-05T07:07:33: PM2 log: App [manual-bot:5] online
2026-04-05T07:07:33: PM2 log: App [manual-frontend:6] starting in -fork mode-
2026-04-05T07:07:33: PM2 log: App [manual-frontend:6] online
2026-04-05T08:35:33: PM2 log: Stopping app:manual-bot id:5
2026-04-05T08:35:33: PM2 log: App [manual-bot:5] exited with code [0] via signal [SIGINT]
2026-04-05T08:35:33: PM2 log: pid=181916 msg=process killed
2026-04-05T08:35:33: PM2 log: Stopping app:manual-frontend id:6
2026-04-05T08:35:33: PM2 log: App [manual-frontend:6] exited with code [0] via signal [SIGINT]
2026-04-05T08:35:33: PM2 log: pid=181922 msg=process killed
2026-04-05T08:35:43: PM2 log: App [manual-bot:5] starting in -fork mode-
2026-04-05T08:35:43: PM2 log: App [manual-bot:5] online
2026-04-05T08:35:43: PM2 log: App [manual-frontend:6] starting in -fork mode-
2026-04-05T08:35:43: PM2 log: App [manual-frontend:6] online
2026-04-05T10:46:05: PM2 log: Stopping app:manual-bot id:5
2026-04-05T10:46:05: PM2 log: App [manual-bot:5] exited with code [0] via signal [SIGINT]
2026-04-05T10:46:05: PM2 log: pid=182998 msg=process killed
2026-04-05T10:46:05: PM2 log: Stopping app:manual-frontend id:6
2026-04-05T10:46:05: PM2 log: App [manual-frontend:6] exited with code [0] via signal [SIGINT]
2026-04-05T10:46:05: PM2 log: pid=183004 msg=process killed
2026-04-05T10:47:47: PM2 log: App [pm2:7] starting in -fork mode-
2026-04-05T10:47:47: PM2 log: App [pm2:7] online
2026-04-05T10:47:47: PM2 log: App [pm2:7] exited with code [1] via signal [SIGINT]
2026-04-05T10:47:47: PM2 log: App [pm2:7] starting in -fork mode-
2026-04-05T10:47:47: PM2 log: App [pm2:7] online
2026-04-05T10:47:47: PM2 log: App [pm2:7] exited with code [1] via signal [SIGINT]
2026-04-05T10:47:47: PM2 log: App [pm2:7] starting in -fork mode-
2026-04-05T10:47:47: PM2 log: App [pm2:7] online
2026-04-05T10:47:48: PM2 log: App [pm2:7] exited with code [1] via signal [SIGINT]
2026-04-05T10:47:48: PM2 log: App [pm2:7] starting in -fork mode-
2026-04-05T10:47:48: PM2 log: App [pm2:7] online
2026-04-05T10:47:48: PM2 log: App [pm2:7] exited with code [1] via signal [SIGINT]
2026-04-05T10:47:48: PM2 log: App [pm2:7] starting in -fork mode-
2026-04-05T10:47:48: PM2 log: App [pm2:7] online
2026-04-05T10:47:48: PM2 log: App [pm2:7] exited with code [1] via signal [SIGINT]
2026-04-05T10:47:48: PM2 log: App [pm2:7] starting in -fork mode-
2026-04-05T10:47:48: PM2 log: App [pm2:7] online
2026-04-05T10:47:48: PM2 log: App [pm2:7] exited with code [1] via signal [SIGINT]
2026-04-05T10:47:48: PM2 log: App [pm2:7] starting in -fork mode-
2026-04-05T10:47:48: PM2 log: App [pm2:7] online
2026-04-05T10:47:48: PM2 log: App [pm2:7] exited with code [1] via signal [SIGINT]
2026-04-05T10:47:48: PM2 log: App [pm2:7] starting in -fork mode-
2026-04-05T10:47:48: PM2 log: App [pm2:7] online
2026-04-05T10:47:49: PM2 log: App [pm2:7] exited with code [1] via signal [SIGINT]
2026-04-05T10:47:49: PM2 log: App [pm2:7] starting in -fork mode-
2026-04-05T10:47:49: PM2 log: App [pm2:7] online
2026-04-05T10:47:49: PM2 log: App [pm2:7] exited with code [1] via signal [SIGINT]
2026-04-05T10:47:49: PM2 log: App [pm2:7] starting in -fork mode-
2026-04-05T10:47:49: PM2 log: App [pm2:7] online
2026-04-05T10:47:49: PM2 log: App [pm2:7] exited with code [1] via signal [SIGINT]
2026-04-05T10:47:49: PM2 log: App [pm2:7] starting in -fork mode-
2026-04-05T10:47:49: PM2 log: App [pm2:7] online
2026-04-05T10:47:49: PM2 log: App [pm2:7] exited with code [1] via signal [SIGINT]
2026-04-05T10:47:49: PM2 log: App [pm2:7] starting in -fork mode-
2026-04-05T10:47:49: PM2 log: App [pm2:7] online
2026-04-05T10:47:50: PM2 log: App [pm2:7] exited with code [1] via signal [SIGINT]
2026-04-05T10:47:50: PM2 log: App [pm2:7] starting in -fork mode-
2026-04-05T10:47:50: PM2 log: App [pm2:7] online
2026-04-05T10:47:50: PM2 log: App [pm2:7] exited with code [1] via signal [SIGINT]
2026-04-05T10:47:50: PM2 log: App [pm2:7] starting in -fork mode-
2026-04-05T10:47:50: PM2 log: App [pm2:7] online
2026-04-05T10:47:50: PM2 log: App [pm2:7] exited with code [1] via signal [SIGINT]
2026-04-05T10:47:50: PM2 log: App [pm2:7] starting in -fork mode-
2026-04-05T10:47:50: PM2 log: App [pm2:7] online
2026-04-05T10:47:50: PM2 log: App [pm2:7] exited with code [1] via signal [SIGINT]
2026-04-05T10:47:50: PM2 log: App [pm2:7] starting in -fork mode-
2026-04-05T10:47:50: PM2 log: App [pm2:7] online
2026-04-05T10:47:51: PM2 log: App [pm2:7] exited with code [1] via signal [SIGINT]
2026-04-05T10:47:51: PM2 log: Script /usr/bin/pm2 had too many unstable restarts (16). Stopped. "errored"
2026-04-05T10:48:02: PM2 log: App [manual-bot:5] starting in -fork mode-
2026-04-05T10:48:02: PM2 log: App [manual-bot:5] online
2026-04-05T10:48:02: PM2 log: App [manual-frontend:6] starting in -fork mode-
2026-04-05T10:48:02: PM2 log: App [manual-frontend:6] online
2026-04-05T13:41:11: PM2 log: Stopping app:manual-bot id:5
2026-04-05T13:41:11: PM2 log: App [manual-bot:5] exited with code [0] via signal [SIGINT]
2026-04-05T13:41:11: PM2 log: pid=183577 msg=process killed
2026-04-05T13:41:11: PM2 log: Stopping app:manual-frontend id:6
2026-04-05T13:41:11: PM2 log: App [manual-frontend:6] exited with code [0] via signal [SIGINT]
2026-04-05T13:41:11: PM2 log: pid=183583 msg=process killed
2026-04-05T13:41:16: PM2 log: App [manual-bot:5] starting in -fork mode-
2026-04-05T13:41:16: PM2 log: App [manual-bot:5] online
2026-04-05T13:41:16: PM2 log: App [manual-frontend:6] starting in -fork mode-
2026-04-05T13:41:16: PM2 log: App [manual-frontend:6] online
2026-04-05T15:40:19: PM2 log: Stopping app:manual-bot id:5
2026-04-05T15:40:19: PM2 log: App [manual-bot:5] exited with code [0] via signal [SIGINT]
2026-04-05T15:40:19: PM2 log: pid=184096 msg=process killed
2026-04-05T15:40:19: PM2 log: Stopping app:manual-frontend id:6
2026-04-05T15:40:19: PM2 log: App [manual-frontend:6] exited with code [0] via signal [SIGINT]
2026-04-05T15:40:19: PM2 log: pid=184102 msg=process killed
2026-04-05T15:46:40: PM2 log: App [rahul-frontend:2] starting in -fork mode-
2026-04-05T15:46:40: PM2 log: App [rahul-frontend:2] online
2026-04-05T15:46:40: PM2 log: App [rahul-backend:3] starting in -fork mode-
2026-04-05T15:46:40: PM2 log: App [rahul-backend:3] online
2026-04-05T15:47:23: PM2 log: Stopping app:pm2 id:7
2026-04-05T15:47:23: PM2 error: app=pm2 id=7 does not have a pid
2026-04-06T03:34:38: PM2 log: Stopping app:rahul-backend id:3
2026-04-06T03:34:38: PM2 log: App [rahul-backend:3] exited with code [0] via signal [SIGINT]
2026-04-06T03:34:38: PM2 log: pid=184582 msg=process killed
2026-04-06T03:34:38: PM2 log: Stopping app:rahul-frontend id:2
2026-04-06T03:34:38: PM2 log: App [rahul-frontend:2] exited with code [0] via signal [SIGINT]
2026-04-06T03:34:38: PM2 log: pid=184576 msg=process killed
2026-04-06T03:35:03: PM2 log: App [manual-bot:5] starting in -fork mode-
2026-04-06T03:35:03: PM2 log: App [manual-bot:5] online
2026-04-06T03:35:03: PM2 log: App [manual-frontend:6] starting in -fork mode-
2026-04-06T03:35:03: PM2 log: App [manual-frontend:6] online
2026-04-06T08:09:07: PM2 log: Stopping app:manual-bot id:5
2026-04-06T08:09:07: PM2 log: App [manual-bot:5] exited with code [0] via signal [SIGINT]
2026-04-06T08:09:07: PM2 log: pid=186284 msg=process killed
2026-04-06T08:09:07: PM2 log: Stopping app:manual-frontend id:6
2026-04-06T08:09:07: PM2 log: App [manual-frontend:6] exited with code [0] via signal [SIGINT]
2026-04-06T08:09:07: PM2 log: pid=186290 msg=process killed
2026-04-06T08:09:11: PM2 log: App [manual-bot:5] starting in -fork mode-
2026-04-06T08:09:11: PM2 log: App [manual-bot:5] online
2026-04-06T08:09:11: PM2 log: App [manual-frontend:6] starting in -fork mode-
2026-04-06T08:09:11: PM2 log: App [manual-frontend:6] online
2026-04-06T08:21:54: PM2 log: Stopping app:manual-bot id:5
2026-04-06T08:21:54: PM2 log: App [manual-bot:5] exited with code [0] via signal [SIGINT]
2026-04-06T08:21:54: PM2 log: pid=187298 msg=process killed
2026-04-06T08:21:54: PM2 log: Stopping app:manual-frontend id:6
2026-04-06T08:21:54: PM2 log: App [manual-frontend:6] exited with code [0] via signal [SIGINT]
2026-04-06T08:21:55: PM2 log: pid=187304 msg=process killed
2026-04-06T08:22:00: PM2 log: App [manual-bot:5] starting in -fork mode-
2026-04-06T08:22:00: PM2 log: App [manual-bot:5] online
2026-04-06T08:22:00: PM2 log: App [manual-frontend:6] starting in -fork mode-
2026-04-06T08:22:00: PM2 log: App [manual-frontend:6] online
2026-04-06T08:46:47: PM2 log: Stopping app:manual-bot id:5
2026-04-06T08:46:48: PM2 log: App [manual-bot:5] exited with code [0] via signal [SIGINT]
2026-04-06T08:46:48: PM2 log: pid=187429 msg=process killed
2026-04-06T08:46:48: PM2 log: Stopping app:manual-frontend id:6
2026-04-06T08:46:48: PM2 log: App [manual-frontend:6] exited with code [0] via signal [SIGINT]
2026-04-06T08:46:48: PM2 log: pid=187435 msg=process killed
2026-04-06T08:47:06: PM2 log: App [rahul-frontend:2] starting in -fork mode-
2026-04-06T08:47:06: PM2 log: App [rahul-frontend:2] online
2026-04-06T08:47:06: PM2 log: App [rahul-backend:3] starting in -fork mode-
2026-04-06T08:47:06: PM2 log: App [rahul-backend:3] online
