0 verbose cli /usr/bin/node /usr/bin/npm
1 info using npm@10.8.2
2 info using node@v20.20.0
3 silly config load:file:/usr/lib/node_modules/npm/npmrc
4 silly config load:file:/home/ubuntu/Binance_Bot_V17-Modify/frontend/.npmrc
5 silly config load:file:/home/ubuntu/.npmrc
6 silly config load:file:/usr/etc/npmrc
7 verbose title npm i ci
8 verbose argv "i" "ci"
9 verbose logfile logs-max:10 dir:/home/ubuntu/.npm/_logs/2026-03-08T02_49_45_261Z-
10 verbose logfile /home/ubuntu/.npm/_logs/2026-03-08T02_49_45_261Z-debug-0.log
11 silly packumentCache heap:1027080192 maxSize:256770048 maxEntrySize:128385024
12 silly logfile start cleaning logs, removing 1 files
13 silly logfile done cleaning log files
14 silly idealTree buildDeps
15 silly fetch manifest ci@^2.3.0
16 silly packumentCache full:https://registry.npmjs.org/ci cache-miss
17 http fetch GET 200 https://registry.npmjs.org/ci 18ms (cache hit)
18 silly packumentCache full:https://registry.npmjs.org/ci set size:22895 disposed:false
19 silly placeDep ROOT ci@2.3.0 REPLACE for: frontend1@0.0.0 want: ^2.3.0
20 silly reify moves {}
21 silly audit bulk request {
21 silly audit   '@babel/code-frame': [ '7.27.1' ],
21 silly audit   '@babel/compat-data': [ '7.28.5' ],
21 silly audit   '@babel/core': [ '7.28.5' ],
21 silly audit   'convert-source-map': [ '2.0.0', '1.9.0' ],
21 silly audit   '@babel/generator': [ '7.28.5' ],
21 silly audit   '@babel/helper-compilation-targets': [ '7.27.2' ],
21 silly audit   '@babel/helper-globals': [ '7.28.0' ],
21 silly audit   '@babel/helper-module-imports': [ '7.27.1' ],
21 silly audit   '@babel/helper-module-transforms': [ '7.28.3' ],
21 silly audit   '@babel/helper-plugin-utils': [ '7.27.1' ],
21 silly audit   '@babel/helper-string-parser': [ '7.27.1' ],
21 silly audit   '@babel/helper-validator-identifier': [ '7.28.5' ],
21 silly audit   '@babel/helper-validator-option': [ '7.27.1' ],
21 silly audit   '@babel/helpers': [ '7.28.4' ],
21 silly audit   '@babel/parser': [ '7.28.5' ],
21 silly audit   '@babel/plugin-transform-react-jsx-self': [ '7.27.1' ],
21 silly audit   '@babel/plugin-transform-react-jsx-source': [ '7.27.1' ],
21 silly audit   '@babel/runtime': [ '7.28.4' ],
21 silly audit   '@babel/template': [ '7.27.2' ],
21 silly audit   '@babel/traverse': [ '7.28.5' ],
21 silly audit   '@babel/types': [ '7.28.5' ],
21 silly audit   '@emotion/babel-plugin': [ '11.13.5' ],
21 silly audit   '@emotion/cache': [ '11.14.0' ],
21 silly audit   '@emotion/hash': [ '0.9.2' ],
21 silly audit   '@emotion/is-prop-valid': [ '1.4.0' ],
21 silly audit   '@emotion/memoize': [ '0.9.0' ],
21 silly audit   '@emotion/react': [ '11.14.0' ],
21 silly audit   '@emotion/serialize': [ '1.3.3' ],
21 silly audit   '@emotion/sheet': [ '1.4.0' ],
21 silly audit   '@emotion/styled': [ '11.14.1' ],
21 silly audit   '@emotion/unitless': [ '0.10.0' ],
21 silly audit   '@emotion/use-insertion-effect-with-fallbacks': [ '1.2.0' ],
21 silly audit   '@emotion/utils': [ '1.4.2' ],
21 silly audit   '@emotion/weak-memoize': [ '0.4.0' ],
21 silly audit   '@esbuild/aix-ppc64': [ '0.25.12' ],
21 silly audit   '@esbuild/android-arm': [ '0.25.12' ],
21 silly audit   '@esbuild/android-arm64': [ '0.25.12' ],
21 silly audit   '@esbuild/android-x64': [ '0.25.12' ],
21 silly audit   '@esbuild/darwin-arm64': [ '0.25.12' ],
21 silly audit   '@esbuild/darwin-x64': [ '0.25.12' ],
21 silly audit   '@esbuild/freebsd-arm64': [ '0.25.12' ],
21 silly audit   '@esbuild/freebsd-x64': [ '0.25.12' ],
21 silly audit   '@esbuild/linux-arm': [ '0.25.12' ],
21 silly audit   '@esbuild/linux-arm64': [ '0.25.12' ],
21 silly audit   '@esbuild/linux-ia32': [ '0.25.12' ],
21 silly audit   '@esbuild/linux-loong64': [ '0.25.12' ],
21 silly audit   '@esbuild/linux-mips64el': [ '0.25.12' ],
21 silly audit   '@esbuild/linux-ppc64': [ '0.25.12' ],
21 silly audit   '@esbuild/linux-riscv64': [ '0.25.12' ],
21 silly audit   '@esbuild/linux-s390x': [ '0.25.12' ],
21 silly audit   '@esbuild/linux-x64': [ '0.25.12' ],
21 silly audit   '@esbuild/netbsd-arm64': [ '0.25.12' ],
21 silly audit   '@esbuild/netbsd-x64': [ '0.25.12' ],
21 silly audit   '@esbuild/openbsd-arm64': [ '0.25.12' ],
21 silly audit   '@esbuild/openbsd-x64': [ '0.25.12' ],
21 silly audit   '@esbuild/openharmony-arm64': [ '0.25.12' ],
21 silly audit   '@esbuild/sunos-x64': [ '0.25.12' ],
21 silly audit   '@esbuild/win32-arm64': [ '0.25.12' ],
21 silly audit   '@esbuild/win32-ia32': [ '0.25.12' ],
21 silly audit   '@esbuild/win32-x64': [ '0.25.12' ],
21 silly audit   '@eslint-community/eslint-utils': [ '4.9.0' ],
21 silly audit   'eslint-visitor-keys': [ '3.4.3', '4.2.1' ],
21 silly audit   '@eslint-community/regexpp': [ '4.12.2' ],
21 silly audit   '@eslint/config-array': [ '0.21.1' ],
21 silly audit   '@eslint/config-helpers': [ '0.4.2' ],
21 silly audit   '@eslint/core': [ '0.17.0' ],
21 silly audit   '@eslint/eslintrc': [ '3.3.1' ],
21 silly audit   globals: [ '14.0.0', '16.5.0' ],
21 silly audit   '@eslint/js': [ '9.39.1' ],
21 silly audit   '@eslint/object-schema': [ '2.1.7' ],
21 silly audit   '@eslint/plugin-kit': [ '0.4.1' ],
21 silly audit   '@humanfs/core': [ '0.19.1' ],
21 silly audit   '@humanfs/node': [ '0.16.7' ],
21 silly audit   '@humanwhocodes/module-importer': [ '1.0.1' ],
21 silly audit   '@humanwhocodes/retry': [ '0.4.3' ],
21 silly audit   '@jridgewell/gen-mapping': [ '0.3.13' ],
21 silly audit   '@jridgewell/remapping': [ '2.3.5' ],
21 silly audit   '@jridgewell/resolve-uri': [ '3.1.2' ],
21 silly audit   '@jridgewell/sourcemap-codec': [ '1.5.5' ],
21 silly audit   '@jridgewell/trace-mapping': [ '0.3.31' ],
21 silly audit   '@mui/core-downloads-tracker': [ '7.3.5' ],
21 silly audit   '@mui/icons-material': [ '7.3.5' ],
21 silly audit   '@mui/material': [ '7.3.5' ],
21 silly audit   '@mui/private-theming': [ '7.3.5' ],
21 silly audit   '@mui/styled-engine': [ '7.3.5' ],
21 silly audit   '@mui/system': [ '7.3.5' ],
21 silly audit   '@mui/types': [ '7.4.8' ],
21 silly audit   '@mui/utils': [ '7.3.5' ],
21 silly audit   '@nodelib/fs.scandir': [ '2.1.5' ],
21 silly audit   '@nodelib/fs.stat': [ '2.0.5' ],
21 silly audit   '@nodelib/fs.walk': [ '1.2.8' ],
21 silly audit   '@popperjs/core': [ '2.11.8' ],
21 silly audit   '@rolldown/pluginutils': [ '1.0.0-beta.27' ],
21 silly audit   '@rollup/rollup-android-arm-eabi': [ '4.53.3' ],
21 silly audit   '@rollup/rollup-android-arm64': [ '4.53.3' ],
21 silly audit   '@rollup/rollup-darwin-arm64': [ '4.53.3' ],
21 silly audit   '@rollup/rollup-darwin-x64': [ '4.53.3' ],
21 silly audit   '@rollup/rollup-freebsd-arm64': [ '4.53.3' ],
21 silly audit   '@rollup/rollup-freebsd-x64': [ '4.53.3' ],
21 silly audit   '@rollup/rollup-linux-arm-gnueabihf': [ '4.53.3' ],
21 silly audit   '@rollup/rollup-linux-arm-musleabihf': [ '4.53.3' ],
21 silly audit   '@rollup/rollup-linux-arm64-gnu': [ '4.53.3' ],
21 silly audit   '@rollup/rollup-linux-arm64-musl': [ '4.53.3' ],
21 silly audit   '@rollup/rollup-linux-loong64-gnu': [ '4.53.3' ],
21 silly audit   '@rollup/rollup-linux-ppc64-gnu': [ '4.53.3' ],
21 silly audit   '@rollup/rollup-linux-riscv64-gnu': [ '4.53.3' ],
21 silly audit   '@rollup/rollup-linux-riscv64-musl': [ '4.53.3' ],
21 silly audit   '@rollup/rollup-linux-s390x-gnu': [ '4.53.3' ],
21 silly audit   '@rollup/rollup-linux-x64-gnu': [ '4.53.3' ],
21 silly audit   '@rollup/rollup-linux-x64-musl': [ '4.53.3' ],
21 silly audit   '@rollup/rollup-openharmony-arm64': [ '4.53.3' ],
21 silly audit   '@rollup/rollup-win32-arm64-msvc': [ '4.53.3' ],
21 silly audit   '@rollup/rollup-win32-ia32-msvc': [ '4.53.3' ],
21 silly audit   '@rollup/rollup-win32-x64-gnu': [ '4.53.3' ],
21 silly audit   '@rollup/rollup-win32-x64-msvc': [ '4.53.3' ],
21 silly audit   '@socket.io/component-emitter': [ '3.1.2' ],
21 silly audit   '@types/babel__core': [ '7.20.5' ],
21 silly audit   '@types/babel__generator': [ '7.27.0' ],
21 silly audit   '@types/babel__template': [ '7.4.4' ],
21 silly audit   '@types/babel__traverse': [ '7.28.0' ],
21 silly audit   '@types/estree': [ '1.0.8' ],
21 silly audit   '@types/json-schema': [ '7.0.15' ],
21 silly audit   '@types/lodash': [ '4.17.20' ],
21 silly audit   '@types/node': [ '24.10.1' ],
21 silly audit   '@types/parse-json': [ '4.0.2' ],
21 silly audit   '@types/prop-types': [ '15.7.15' ],
21 silly audit   '@types/react': [ '19.2.6' ],
21 silly audit   '@types/react-dom': [ '19.2.3' ],
21 silly audit   '@types/react-transition-group': [ '4.4.12' ],
21 silly audit   '@typescript-eslint/eslint-plugin': [ '8.47.0' ],
21 silly audit   ignore: [ '7.0.5', '5.3.2' ],
21 silly audit   '@typescript-eslint/parser': [ '8.47.0' ],
21 silly audit   '@typescript-eslint/project-service': [ '8.47.0' ],
21 silly audit   '@typescript-eslint/scope-manager': [ '8.47.0' ],
21 silly audit   '@typescript-eslint/tsconfig-utils': [ '8.47.0' ],
21 silly audit   '@typescript-eslint/type-utils': [ '8.47.0' ],
21 silly audit   '@typescript-eslint/types': [ '8.47.0' ],
21 silly audit   '@typescript-eslint/typescript-estree': [ '8.47.0' ],
21 silly audit   'brace-expansion': [ '2.0.2', '1.1.12' ],
21 silly audit   minimatch: [ '9.0.5', '3.1.2' ],
21 silly audit   semver: [ '7.7.3', '6.3.1' ],
21 silly audit   '@typescript-eslint/utils': [ '8.47.0' ],
21 silly audit   '@typescript-eslint/visitor-keys': [ '8.47.0' ],
21 silly audit   '@vitejs/plugin-react': [ '4.7.0' ],
21 silly audit   acorn: [ '8.15.0' ],
21 silly audit   'acorn-jsx': [ '5.3.2' ],
21 silly audit   ajv: [ '6.12.6' ],
21 silly audit   'ansi-regex': [ '5.0.1' ],
21 silly audit   'ansi-styles': [ '4.3.0' ],
21 silly audit   argparse: [ '2.0.1' ],
21 silly audit   asynckit: [ '0.4.0' ],
21 silly audit   axios: [ '1.13.2' ],
21 silly audit   'babel-plugin-macros': [ '3.1.0' ],
21 silly audit   'balanced-match': [ '1.0.2' ],
21 silly audit   'baseline-browser-mapping': [ '2.8.30' ],
21 silly audit   braces: [ '3.0.3' ],
21 silly audit   browserslist: [ '4.28.0' ],
21 silly audit   'call-bind-apply-helpers': [ '1.0.2' ],
21 silly audit   callsites: [ '3.1.0' ],
21 silly audit   'caniuse-lite': [ '1.0.30001756' ],
21 silly audit   chalk: [ '4.1.2' ],
21 silly audit   cliui: [ '8.0.1' ],
21 silly audit   clsx: [ '2.1.1' ],
21 silly audit   'color-convert': [ '2.0.1' ],
21 silly audit   'color-name': [ '1.1.4' ],
21 silly audit   'combined-stream': [ '1.0.8' ],
21 silly audit   'concat-map': [ '0.0.1' ],
21 silly audit   cookie: [ '1.0.2' ],
21 silly audit   cosmiconfig: [ '7.1.0' ],
21 silly audit   yaml: [ '1.10.2', '2.8.1' ],
21 silly audit   'cross-spawn': [ '7.0.6' ],
21 silly audit   csstype: [ '3.2.3' ],
21 silly audit   debug: [ '4.4.3', '4.3.7' ],
21 silly audit   'deep-is': [ '0.1.4' ],
21 silly audit   'define-lazy-prop': [ '2.0.0' ],
21 silly audit   'delayed-stream': [ '1.0.0' ],
21 silly audit   'dom-helpers': [ '5.2.1' ],
21 silly audit   dotenv: [ '16.6.1' ],
21 silly audit   'dunder-proto': [ '1.0.1' ],
21 silly audit   'electron-to-chromium': [ '1.5.259' ],
21 silly audit   'emoji-regex': [ '8.0.0' ],
21 silly audit   'engine.io-client': [ '6.6.3' ],
21 silly audit   'engine.io-parser': [ '5.2.3' ],
21 silly audit   'error-ex': [ '1.3.4' ],
21 silly audit   'es-define-property': [ '1.0.1' ],
21 silly audit   'es-errors': [ '1.3.0' ],
21 silly audit   'es-object-atoms': [ '1.1.1' ],
21 silly audit   'es-set-tostringtag': [ '2.1.0' ],
21 silly audit   esbuild: [ '0.25.12' ],
21 silly audit   escalade: [ '3.2.0' ],
21 silly audit   'escape-string-regexp': [ '4.0.0' ],
21 silly audit   eslint: [ '9.39.1' ],
21 silly audit   'eslint-plugin-react-hooks': [ '5.2.0' ],
21 silly audit   'eslint-plugin-react-refresh': [ '0.4.24' ],
21 silly audit   'eslint-scope': [ '8.4.0' ],
21 silly audit   espree: [ '10.4.0' ],
21 silly audit   esquery: [ '1.6.0' ],
21 silly audit   esrecurse: [ '4.3.0' ],
21 silly audit   estraverse: [ '5.3.0' ],
21 silly audit   esutils: [ '2.0.3' ],
21 silly audit   'fancy-canvas': [ '2.1.0' ],
21 silly audit   'fast-deep-equal': [ '3.1.3' ],
21 silly audit   'fast-glob': [ '3.3.3' ],
21 silly audit   'glob-parent': [ '5.1.2', '6.0.2' ],
21 silly audit   'fast-json-stable-stringify': [ '2.1.0' ],
21 silly audit   'fast-levenshtein': [ '2.0.6' ],
21 silly audit   fastq: [ '1.19.1' ],
21 silly audit   fdir: [ '6.5.0' ],
21 silly audit   'file-entry-cache': [ '8.0.0' ],
21 silly audit   'fill-range': [ '7.1.1' ],
21 silly audit   'find-root': [ '1.1.0' ],
21 silly audit   'find-up': [ '5.0.0' ],
21 silly audit   'flat-cache': [ '4.0.1' ],
21 silly audit   flatted: [ '3.3.3' ],
21 silly audit   'follow-redirects': [ '1.15.11' ],
21 silly audit   'form-data': [ '4.0.5' ],
21 silly audit   fsevents: [ '2.3.3' ],
21 silly audit   'function-bind': [ '1.1.2' ],
21 silly audit   gensync: [ '1.0.0-beta.2' ],
21 silly audit   'get-caller-file': [ '2.0.5' ],
21 silly audit   'get-intrinsic': [ '1.3.0' ],
21 silly audit   'get-proto': [ '1.0.1' ],
21 silly audit   gopd: [ '1.2.0' ],
21 silly audit   graphemer: [ '1.4.0' ],
21 silly audit   'has-flag': [ '4.0.0' ],
21 silly audit   'has-symbols': [ '1.1.0' ],
21 silly audit   'has-tostringtag': [ '1.0.2' ],
21 silly audit   hasown: [ '2.0.2' ],
21 silly audit   'hoist-non-react-statics': [ '3.3.2' ],
21 silly audit   'react-is': [ '16.13.1', '19.2.0' ],
21 silly audit   'import-fresh': [ '3.3.1' ],
21 silly audit   imurmurhash: [ '0.1.4' ],
21 silly audit   'is-arrayish': [ '0.2.1' ],
21 silly audit   'is-core-module': [ '2.16.1' ],
21 silly audit   'is-docker': [ '2.2.1' ],
21 silly audit   'is-extglob': [ '2.1.1' ],
21 silly audit   'is-fullwidth-code-point': [ '3.0.0' ],
21 silly audit   'is-glob': [ '4.0.3' ],
21 silly audit   'is-number': [ '7.0.0' ],
21 silly audit   'is-wsl': [ '2.2.0' ],
21 silly audit   isexe: [ '2.0.0' ],
21 silly audit   'js-tokens': [ '4.0.0' ],
21 silly audit   'js-yaml': [ '4.1.1' ],
21 silly audit   jsesc: [ '3.1.0' ],
21 silly audit   'json-buffer': [ '3.0.1' ],
21 silly audit   'json-parse-even-better-errors': [ '2.3.1' ],
21 silly audit   'json-schema-traverse': [ '0.4.1' ],
21 silly audit   'json-stable-stringify-without-jsonify': [ '1.0.1' ],
21 silly audit   json5: [ '2.2.3' ],
21 silly audit   keyv: [ '4.5.4' ],
21 silly audit   levn: [ '0.4.1' ],
21 silly audit   'lightweight-charts': [ '5.0.9' ],
21 silly audit   'lines-and-columns': [ '1.2.4' ],
21 silly audit   'locate-path': [ '6.0.0' ],
21 silly audit   lodash: [ '4.17.21' ],
21 silly audit   'lodash.merge': [ '4.6.2' ],
21 silly audit   'loose-envify': [ '1.4.0' ],
21 silly audit   'lru-cache': [ '5.1.1' ],
21 silly audit   'lucide-react': [ '0.544.0' ],
21 silly audit   'math-intrinsics': [ '1.1.0' ],
21 silly audit   merge2: [ '1.4.1' ],
21 silly audit   micromatch: [ '4.0.8' ],
21 silly audit   picomatch: [ '2.3.1', '4.0.3' ],
21 silly audit   'mime-db': [ '1.52.0' ],
21 silly audit   'mime-types': [ '2.1.35' ],
21 silly audit   moment: [ '2.30.1' ],
21 silly audit   'moment-timezone': [ '0.6.0' ],
21 silly audit   ms: [ '2.1.3' ],
21 silly audit   nanoid: [ '3.3.11' ],
21 silly audit   'natural-compare': [ '1.4.0' ],
21 silly audit   'node-releases': [ '2.0.27' ],
21 silly audit   'object-assign': [ '4.1.1' ],
21 silly audit   open: [ '8.4.2' ],
21 silly audit   optionator: [ '0.9.4' ],
21 silly audit   'p-limit': [ '3.1.0' ],
21 silly audit   'p-locate': [ '5.0.0' ],
21 silly audit   'parent-module': [ '1.0.1' ],
21 silly audit   'parse-json': [ '5.2.0' ],
21 silly audit   'path-exists': [ '4.0.0' ],
21 silly audit   'path-key': [ '3.1.1' ],
21 silly audit   'path-parse': [ '1.0.7' ],
21 silly audit   'path-type': [ '4.0.0' ],
21 silly audit   picocolors: [ '1.1.1' ],
21 silly audit   postcss: [ '8.5.6' ],
21 silly audit   'prelude-ls': [ '1.2.1' ],
21 silly audit   'prop-types': [ '15.8.1' ],
21 silly audit   'proxy-from-env': [ '1.1.0' ],
21 silly audit   punycode: [ '2.3.1' ],
21 silly audit   'queue-microtask': [ '1.2.3' ],
21 silly audit   react: [ '19.2.0' ],
21 silly audit   'react-dom': [ '19.2.0' ],
21 silly audit   'react-refresh': [ '0.17.0' ],
21 silly audit   'react-router': [ '7.9.6' ],
21 silly audit   'react-router-dom': [ '7.9.6' ],
21 silly audit   'react-toastify': [ '11.0.5' ],
21 silly audit   'react-transition-group': [ '4.4.5' ],
21 silly audit   'require-directory': [ '2.1.1' ],
21 silly audit   resolve: [ '1.22.11' ],
21 silly audit   'resolve-from': [ '4.0.0' ],
21 silly audit   reusify: [ '1.1.0' ],
21 silly audit   rollup: [ '4.53.3' ],
21 silly audit   'rollup-plugin-visualizer': [ '6.0.5' ],
21 silly audit   'source-map': [ '0.7.6', '0.5.7' ],
21 silly audit   'run-parallel': [ '1.2.0' ],
21 silly audit   scheduler: [ '0.27.0' ],
21 silly audit   'set-cookie-parser': [ '2.7.2' ],
21 silly audit   'shebang-command': [ '2.0.0' ],
21 silly audit   'shebang-regex': [ '3.0.0' ],
21 silly audit   'socket.io-client': [ '4.8.1' ],
21 silly audit   'socket.io-parser': [ '4.2.4' ],
21 silly audit   'source-map-js': [ '1.2.1' ],
21 silly audit   'string-width': [ '4.2.3' ],
21 silly audit   'strip-ansi': [ '6.0.1' ],
21 silly audit   'strip-json-comments': [ '3.1.1' ],
21 silly audit   stylis: [ '4.2.0' ],
21 silly audit   'supports-color': [ '7.2.0' ],
21 silly audit   'supports-preserve-symlinks-flag': [ '1.0.0' ],
21 silly audit   tailwindcss: [ '4.1.17' ],
21 silly audit   tinyglobby: [ '0.2.15' ],
21 silly audit   'to-regex-range': [ '5.0.1' ],
21 silly audit   'ts-api-utils': [ '2.1.0' ],
21 silly audit   'type-check': [ '0.4.0' ],
21 silly audit   typescript: [ '5.8.3' ],
21 silly audit   'typescript-eslint': [ '8.47.0' ],
21 silly audit   'undici-types': [ '7.16.0' ],
21 silly audit   'update-browserslist-db': [ '1.1.4' ],
21 silly audit   'uri-js': [ '4.4.1' ],
21 silly audit   vite: [ '6.4.1' ],
21 silly audit   which: [ '2.0.2' ],
21 silly audit   'word-wrap': [ '1.2.5' ],
21 silly audit   'wrap-ansi': [ '7.0.0' ],
21 silly audit   ws: [ '8.17.1' ],
21 silly audit   'xmlhttprequest-ssl': [ '2.1.2' ],
21 silly audit   y18n: [ '5.0.8' ],
21 silly audit   yallist: [ '3.1.1' ],
21 silly audit   yargs: [ '17.7.2' ],
21 silly audit   'yargs-parser': [ '21.1.1' ],
21 silly audit   'yocto-queue': [ '0.1.0' ],
21 silly audit   ci: [ '2.3.0' ]
21 silly audit }
22 verbose reify failed optional dependency /home/ubuntu/Binance_Bot_V17-Modify/frontend/node_modules/fsevents
23 silly reify mark deleted [
23 silly reify   '/home/ubuntu/Binance_Bot_V17-Modify/frontend/node_modules/fsevents'
23 silly reify ]
24 verbose reify failed optional dependency /home/ubuntu/Binance_Bot_V17-Modify/frontend/node_modules/@rollup/rollup-win32-x64-msvc
25 silly reify mark deleted [
25 silly reify   '/home/ubuntu/Binance_Bot_V17-Modify/frontend/node_modules/@rollup/rollup-win32-x64-msvc'
25 silly reify ]
26 verbose reify failed optional dependency /home/ubuntu/Binance_Bot_V17-Modify/frontend/node_modules/@rollup/rollup-win32-x64-gnu
27 silly reify mark deleted [
27 silly reify   '/home/ubuntu/Binance_Bot_V17-Modify/frontend/node_modules/@rollup/rollup-win32-x64-gnu'
27 silly reify ]
28 verbose reify failed optional dependency /home/ubuntu/Binance_Bot_V17-Modify/frontend/node_modules/@rollup/rollup-win32-ia32-msvc
29 silly reify mark deleted [
29 silly reify   '/home/ubuntu/Binance_Bot_V17-Modify/frontend/node_modules/@rollup/rollup-win32-ia32-msvc'
29 silly reify ]
30 verbose reify failed optional dependency /home/ubuntu/Binance_Bot_V17-Modify/frontend/node_modules/@rollup/rollup-win32-arm64-msvc
31 silly reify mark deleted [
31 silly reify   '/home/ubuntu/Binance_Bot_V17-Modify/frontend/node_modules/@rollup/rollup-win32-arm64-msvc'
31 silly reify ]
32 verbose reify failed optional dependency /home/ubuntu/Binance_Bot_V17-Modify/frontend/node_modules/@rollup/rollup-openharmony-arm64
33 silly reify mark deleted [
33 silly reify   '/home/ubuntu/Binance_Bot_V17-Modify/frontend/node_modules/@rollup/rollup-openharmony-arm64'
33 silly reify ]
34 verbose reify failed optional dependency /home/ubuntu/Binance_Bot_V17-Modify/frontend/node_modules/@rollup/rollup-linux-s390x-gnu
35 silly reify mark deleted [
35 silly reify   '/home/ubuntu/Binance_Bot_V17-Modify/frontend/node_modules/@rollup/rollup-linux-s390x-gnu'
35 silly reify ]
36 verbose reify failed optional dependency /home/ubuntu/Binance_Bot_V17-Modify/frontend/node_modules/@rollup/rollup-linux-riscv64-musl
37 silly reify mark deleted [
37 silly reify   '/home/ubuntu/Binance_Bot_V17-Modify/frontend/node_modules/@rollup/rollup-linux-riscv64-musl'
37 silly reify ]
38 verbose reify failed optional dependency /home/ubuntu/Binance_Bot_V17-Modify/frontend/node_modules/@rollup/rollup-linux-riscv64-gnu
39 silly reify mark deleted [
39 silly reify   '/home/ubuntu/Binance_Bot_V17-Modify/frontend/node_modules/@rollup/rollup-linux-riscv64-gnu'
39 silly reify ]
40 verbose reify failed optional dependency /home/ubuntu/Binance_Bot_V17-Modify/frontend/node_modules/@rollup/rollup-linux-ppc64-gnu
41 silly reify mark deleted [
41 silly reify   '/home/ubuntu/Binance_Bot_V17-Modify/frontend/node_modules/@rollup/rollup-linux-ppc64-gnu'
41 silly reify ]
42 verbose reify failed optional dependency /home/ubuntu/Binance_Bot_V17-Modify/frontend/node_modules/@rollup/rollup-linux-loong64-gnu
43 silly reify mark deleted [
43 silly reify   '/home/ubuntu/Binance_Bot_V17-Modify/frontend/node_modules/@rollup/rollup-linux-loong64-gnu'
43 silly reify ]
44 verbose reify failed optional dependency /home/ubuntu/Binance_Bot_V17-Modify/frontend/node_modules/@rollup/rollup-linux-arm64-musl
45 silly reify mark deleted [
45 silly reify   '/home/ubuntu/Binance_Bot_V17-Modify/frontend/node_modules/@rollup/rollup-linux-arm64-musl'
45 silly reify ]
46 verbose reify failed optional dependency /home/ubuntu/Binance_Bot_V17-Modify/frontend/node_modules/@rollup/rollup-linux-arm64-gnu
47 silly reify mark deleted [
47 silly reify   '/home/ubuntu/Binance_Bot_V17-Modify/frontend/node_modules/@rollup/rollup-linux-arm64-gnu'
47 silly reify ]
48 verbose reify failed optional dependency /home/ubuntu/Binance_Bot_V17-Modify/frontend/node_modules/@rollup/rollup-linux-arm-musleabihf
49 silly reify mark deleted [
49 silly reify   '/home/ubuntu/Binance_Bot_V17-Modify/frontend/node_modules/@rollup/rollup-linux-arm-musleabihf'
49 silly reify ]
50 verbose reify failed optional dependency /home/ubuntu/Binance_Bot_V17-Modify/frontend/node_modules/@rollup/rollup-linux-arm-gnueabihf
51 silly reify mark deleted [
51 silly reify   '/home/ubuntu/Binance_Bot_V17-Modify/frontend/node_modules/@rollup/rollup-linux-arm-gnueabihf'
51 silly reify ]
52 verbose reify failed optional dependency /home/ubuntu/Binance_Bot_V17-Modify/frontend/node_modules/@rollup/rollup-freebsd-x64
53 silly reify mark deleted [
53 silly reify   '/home/ubuntu/Binance_Bot_V17-Modify/frontend/node_modules/@rollup/rollup-freebsd-x64'
53 silly reify ]
54 verbose reify failed optional dependency /home/ubuntu/Binance_Bot_V17-Modify/frontend/node_modules/@rollup/rollup-freebsd-arm64
55 silly reify mark deleted [
55 silly reify   '/home/ubuntu/Binance_Bot_V17-Modify/frontend/node_modules/@rollup/rollup-freebsd-arm64'
55 silly reify ]
56 verbose reify failed optional dependency /home/ubuntu/Binance_Bot_V17-Modify/frontend/node_modules/@rollup/rollup-darwin-x64
57 silly reify mark deleted [
57 silly reify   '/home/ubuntu/Binance_Bot_V17-Modify/frontend/node_modules/@rollup/rollup-darwin-x64'
57 silly reify ]
58 verbose reify failed optional dependency /home/ubuntu/Binance_Bot_V17-Modify/frontend/node_modules/@rollup/rollup-darwin-arm64
59 silly reify mark deleted [
59 silly reify   '/home/ubuntu/Binance_Bot_V17-Modify/frontend/node_modules/@rollup/rollup-darwin-arm64'
59 silly reify ]
60 verbose reify failed optional dependency /home/ubuntu/Binance_Bot_V17-Modify/frontend/node_modules/@rollup/rollup-android-arm64
61 silly reify mark deleted [
61 silly reify   '/home/ubuntu/Binance_Bot_V17-Modify/frontend/node_modules/@rollup/rollup-android-arm64'
61 silly reify ]
62 verbose reify failed optional dependency /home/ubuntu/Binance_Bot_V17-Modify/frontend/node_modules/@rollup/rollup-android-arm-eabi
63 silly reify mark deleted [
63 silly reify   '/home/ubuntu/Binance_Bot_V17-Modify/frontend/node_modules/@rollup/rollup-android-arm-eabi'
63 silly reify ]
64 verbose reify failed optional dependency /home/ubuntu/Binance_Bot_V17-Modify/frontend/node_modules/@esbuild/win32-x64
65 silly reify mark deleted [
65 silly reify   '/home/ubuntu/Binance_Bot_V17-Modify/frontend/node_modules/@esbuild/win32-x64'
65 silly reify ]
66 verbose reify failed optional dependency /home/ubuntu/Binance_Bot_V17-Modify/frontend/node_modules/@esbuild/win32-ia32
67 silly reify mark deleted [
67 silly reify   '/home/ubuntu/Binance_Bot_V17-Modify/frontend/node_modules/@esbuild/win32-ia32'
67 silly reify ]
68 verbose reify failed optional dependency /home/ubuntu/Binance_Bot_V17-Modify/frontend/node_modules/@esbuild/win32-arm64
69 silly reify mark deleted [
69 silly reify   '/home/ubuntu/Binance_Bot_V17-Modify/frontend/node_modules/@esbuild/win32-arm64'
69 silly reify ]
70 verbose reify failed optional dependency /home/ubuntu/Binance_Bot_V17-Modify/frontend/node_modules/@esbuild/sunos-x64
71 silly reify mark deleted [
71 silly reify   '/home/ubuntu/Binance_Bot_V17-Modify/frontend/node_modules/@esbuild/sunos-x64'
71 silly reify ]
72 verbose reify failed optional dependency /home/ubuntu/Binance_Bot_V17-Modify/frontend/node_modules/@esbuild/openharmony-arm64
73 silly reify mark deleted [
73 silly reify   '/home/ubuntu/Binance_Bot_V17-Modify/frontend/node_modules/@esbuild/openharmony-arm64'
73 silly reify ]
74 verbose reify failed optional dependency /home/ubuntu/Binance_Bot_V17-Modify/frontend/node_modules/@esbuild/openbsd-x64
75 silly reify mark deleted [
75 silly reify   '/home/ubuntu/Binance_Bot_V17-Modify/frontend/node_modules/@esbuild/openbsd-x64'
75 silly reify ]
76 verbose reify failed optional dependency /home/ubuntu/Binance_Bot_V17-Modify/frontend/node_modules/@esbuild/openbsd-arm64
77 silly reify mark deleted [
77 silly reify   '/home/ubuntu/Binance_Bot_V17-Modify/frontend/node_modules/@esbuild/openbsd-arm64'
77 silly reify ]
78 verbose reify failed optional dependency /home/ubuntu/Binance_Bot_V17-Modify/frontend/node_modules/@esbuild/netbsd-x64
79 silly reify mark deleted [
79 silly reify   '/home/ubuntu/Binance_Bot_V17-Modify/frontend/node_modules/@esbuild/netbsd-x64'
79 silly reify ]
80 verbose reify failed optional dependency /home/ubuntu/Binance_Bot_V17-Modify/frontend/node_modules/@esbuild/netbsd-arm64
81 silly reify mark deleted [
81 silly reify   '/home/ubuntu/Binance_Bot_V17-Modify/frontend/node_modules/@esbuild/netbsd-arm64'
81 silly reify ]
82 verbose reify failed optional dependency /home/ubuntu/Binance_Bot_V17-Modify/frontend/node_modules/@esbuild/linux-s390x
83 silly reify mark deleted [
83 silly reify   '/home/ubuntu/Binance_Bot_V17-Modify/frontend/node_modules/@esbuild/linux-s390x'
83 silly reify ]
84 verbose reify failed optional dependency /home/ubuntu/Binance_Bot_V17-Modify/frontend/node_modules/@esbuild/linux-riscv64
85 silly reify mark deleted [
85 silly reify   '/home/ubuntu/Binance_Bot_V17-Modify/frontend/node_modules/@esbuild/linux-riscv64'
85 silly reify ]
86 verbose reify failed optional dependency /home/ubuntu/Binance_Bot_V17-Modify/frontend/node_modules/@esbuild/linux-ppc64
87 silly reify mark deleted [
87 silly reify   '/home/ubuntu/Binance_Bot_V17-Modify/frontend/node_modules/@esbuild/linux-ppc64'
87 silly reify ]
88 verbose reify failed optional dependency /home/ubuntu/Binance_Bot_V17-Modify/frontend/node_modules/@esbuild/linux-mips64el
89 silly reify mark deleted [
89 silly reify   '/home/ubuntu/Binance_Bot_V17-Modify/frontend/node_modules/@esbuild/linux-mips64el'
89 silly reify ]
90 verbose reify failed optional dependency /home/ubuntu/Binance_Bot_V17-Modify/frontend/node_modules/@esbuild/linux-loong64
91 silly reify mark deleted [
91 silly reify   '/home/ubuntu/Binance_Bot_V17-Modify/frontend/node_modules/@esbuild/linux-loong64'
91 silly reify ]
92 verbose reify failed optional dependency /home/ubuntu/Binance_Bot_V17-Modify/frontend/node_modules/@esbuild/linux-ia32
93 silly reify mark deleted [
93 silly reify   '/home/ubuntu/Binance_Bot_V17-Modify/frontend/node_modules/@esbuild/linux-ia32'
93 silly reify ]
94 verbose reify failed optional dependency /home/ubuntu/Binance_Bot_V17-Modify/frontend/node_modules/@esbuild/linux-arm64
95 silly reify mark deleted [
95 silly reify   '/home/ubuntu/Binance_Bot_V17-Modify/frontend/node_modules/@esbuild/linux-arm64'
95 silly reify ]
96 verbose reify failed optional dependency /home/ubuntu/Binance_Bot_V17-Modify/frontend/node_modules/@esbuild/linux-arm
97 silly reify mark deleted [
97 silly reify   '/home/ubuntu/Binance_Bot_V17-Modify/frontend/node_modules/@esbuild/linux-arm'
97 silly reify ]
98 verbose reify failed optional dependency /home/ubuntu/Binance_Bot_V17-Modify/frontend/node_modules/@esbuild/freebsd-x64
99 silly reify mark deleted [
99 silly reify   '/home/ubuntu/Binance_Bot_V17-Modify/frontend/node_modules/@esbuild/freebsd-x64'
99 silly reify ]
100 verbose reify failed optional dependency /home/ubuntu/Binance_Bot_V17-Modify/frontend/node_modules/@esbuild/freebsd-arm64
101 silly reify mark deleted [
101 silly reify   '/home/ubuntu/Binance_Bot_V17-Modify/frontend/node_modules/@esbuild/freebsd-arm64'
101 silly reify ]
102 verbose reify failed optional dependency /home/ubuntu/Binance_Bot_V17-Modify/frontend/node_modules/@esbuild/darwin-x64
103 silly reify mark deleted [
103 silly reify   '/home/ubuntu/Binance_Bot_V17-Modify/frontend/node_modules/@esbuild/darwin-x64'
103 silly reify ]
104 verbose reify failed optional dependency /home/ubuntu/Binance_Bot_V17-Modify/frontend/node_modules/@esbuild/darwin-arm64
105 silly reify mark deleted [
105 silly reify   '/home/ubuntu/Binance_Bot_V17-Modify/frontend/node_modules/@esbuild/darwin-arm64'
105 silly reify ]
106 verbose reify failed optional dependency /home/ubuntu/Binance_Bot_V17-Modify/frontend/node_modules/@esbuild/android-x64
107 silly reify mark deleted [
107 silly reify   '/home/ubuntu/Binance_Bot_V17-Modify/frontend/node_modules/@esbuild/android-x64'
107 silly reify ]
108 verbose reify failed optional dependency /home/ubuntu/Binance_Bot_V17-Modify/frontend/node_modules/@esbuild/android-arm64
109 silly reify mark deleted [
109 silly reify   '/home/ubuntu/Binance_Bot_V17-Modify/frontend/node_modules/@esbuild/android-arm64'
109 silly reify ]
110 verbose reify failed optional dependency /home/ubuntu/Binance_Bot_V17-Modify/frontend/node_modules/@esbuild/android-arm
111 silly reify mark deleted [
111 silly reify   '/home/ubuntu/Binance_Bot_V17-Modify/frontend/node_modules/@esbuild/android-arm'
111 silly reify ]
112 verbose reify failed optional dependency /home/ubuntu/Binance_Bot_V17-Modify/frontend/node_modules/@esbuild/aix-ppc64
113 silly reify mark deleted [
113 silly reify   '/home/ubuntu/Binance_Bot_V17-Modify/frontend/node_modules/@esbuild/aix-ppc64'
113 silly reify ]
114 silly tarball no local data for baseline-browser-mapping@https://registry.npmjs.org/baseline-browser-mapping/-/baseline-browser-mapping-2.8.30.tgz. Extracting by manifest.
115 http fetch POST 200 https://registry.npmjs.org/-/npm/v1/security/advisories/bulk 2531ms
116 silly audit report {
116 silly audit report   minimatch: [
116 silly audit report     {
116 silly audit report       id: 1113459,
116 silly audit report       url: 'https://github.com/advisories/GHSA-3ppc-4f35-3m26',
116 silly audit report       title: 'minimatch has a ReDoS via repeated wildcards with non-matching literal in pattern',
116 silly audit report       severity: 'high',
116 silly audit report       vulnerable_versions: '<3.1.3',
116 silly audit report       cwe: [Array],
116 silly audit report       cvss: [Object]
116 silly audit report     },
116 silly audit report     {
116 silly audit report       id: 1113465,
116 silly audit report       url: 'https://github.com/advisories/GHSA-3ppc-4f35-3m26',
116 silly audit report       title: 'minimatch has a ReDoS via repeated wildcards with non-matching literal in pattern',
116 silly audit report       severity: 'high',
116 silly audit report       vulnerable_versions: '>=9.0.0 <9.0.6',
116 silly audit report       cwe: [Array],
116 silly audit report       cvss: [Object]
116 silly audit report     },
116 silly audit report     {
116 silly audit report       id: 1113538,
116 silly audit report       url: 'https://github.com/advisories/GHSA-7r86-cg39-jmmj',
116 silly audit report       title: 'minimatch has ReDoS: matchOne() combinatorial backtracking via multiple non-adjacent GLOBSTAR segments',
116 silly audit report       severity: 'high',
116 silly audit report       vulnerable_versions: '<3.1.3',
116 silly audit report       cwe: [Array],
116 silly audit report       cvss: [Object]
116 silly audit report     },
116 silly audit report     {
116 silly audit report       id: 1113544,
116 silly audit report       url: 'https://github.com/advisories/GHSA-7r86-cg39-jmmj',
116 silly audit report       title: 'minimatch has ReDoS: matchOne() combinatorial backtracking via multiple non-adjacent GLOBSTAR segments',
116 silly audit report       severity: 'high',
116 silly audit report       vulnerable_versions: '>=9.0.0 <9.0.7',
116 silly audit report       cwe: [Array],
116 silly audit report       cvss: [Object]
116 silly audit report     },
116 silly audit report     {
116 silly audit report       id: 1113546,
116 silly audit report       url: 'https://github.com/advisories/GHSA-23c5-xmqv-rm74',
116 silly audit report       title: 'minimatch ReDoS: nested *() extglobs generate catastrophically backtracking regular expressions',
116 silly audit report       severity: 'high',
116 silly audit report       vulnerable_versions: '<3.1.4',
116 silly audit report       cwe: [Array],
116 silly audit report       cvss: [Object]
116 silly audit report     },
116 silly audit report     {
116 silly audit report       id: 1113552,
116 silly audit report       url: 'https://github.com/advisories/GHSA-23c5-xmqv-rm74',
116 silly audit report       title: 'minimatch ReDoS: nested *() extglobs generate catastrophically backtracking regular expressions',
116 silly audit report       severity: 'high',
116 silly audit report       vulnerable_versions: '>=9.0.0 <9.0.7',
116 silly audit report       cwe: [Array],
116 silly audit report       cvss: [Object]
116 silly audit report     }
116 silly audit report   ],
116 silly audit report   ajv: [
116 silly audit report     {
116 silly audit report       id: 1113714,
116 silly audit report       url: 'https://github.com/advisories/GHSA-2g4f-4pwh-qvx6',
116 silly audit report       title: 'ajv has ReDoS when using `$data` option',
116 silly audit report       severity: 'moderate',
116 silly audit report       vulnerable_versions: '<6.14.0',
116 silly audit report       cwe: [Array],
116 silly audit report       cvss: [Object]
116 silly audit report     }
116 silly audit report   ],
116 silly audit report   axios: [
116 silly audit report     {
116 silly audit report       id: 1113275,
116 silly audit report       url: 'https://github.com/advisories/GHSA-43fc-jf86-j433',
116 silly audit report       title: 'Axios is Vulnerable to Denial of Service via __proto__ Key in mergeConfig',
116 silly audit report       severity: 'high',
116 silly audit report       vulnerable_versions: '>=1.0.0 <=1.13.4',
116 silly audit report       cwe: [Array],
116 silly audit report       cvss: [Object]
116 silly audit report     }
116 silly audit report   ],
116 silly audit report   lodash: [
116 silly audit report     {
116 silly audit report       id: 1112455,
116 silly audit report       url: 'https://github.com/advisories/GHSA-xxjr-mmjv-4gpg',
116 silly audit report       title: 'Lodash has Prototype Pollution Vulnerability in `_.unset` and `_.omit` functions',
116 silly audit report       severity: 'moderate',
116 silly audit report       vulnerable_versions: '>=4.0.0 <=4.17.22',
116 silly audit report       cwe: [Array],
116 silly audit report       cvss: [Object]
116 silly audit report     }
116 silly audit report   ],
116 silly audit report   'react-router': [
116 silly audit report     {
116 silly audit report       id: 1112051,
116 silly audit report       url: 'https://github.com/advisories/GHSA-h5cw-625j-3rxh',
116 silly audit report       title: 'React Router has CSRF issue in Action/Server Action Request Processing',
116 silly audit report       severity: 'moderate',
116 silly audit report       vulnerable_versions: '>=7.0.0 <=7.11.0',
116 silly audit report       cwe: [Array],
116 silly audit report       cvss: [Object]
116 silly audit report     },
116 silly audit report     {
116 silly audit report       id: 1112053,
116 silly audit report       url: 'https://github.com/advisories/GHSA-2w69-qvjg-hvjx',
116 silly audit report       title: 'React Router vulnerable to XSS via Open Redirects',
116 silly audit report       severity: 'high',
116 silly audit report       vulnerable_versions: '>=7.0.0 <=7.11.0',
116 silly audit report       cwe: [Array],
116 silly audit report       cvss: [Object]
116 silly audit report     },
116 silly audit report     {
116 silly audit report       id: 1112055,
116 silly audit report       url: 'https://github.com/advisories/GHSA-8v8x-cx79-35w7',
116 silly audit report       title: 'React Router SSR XSS in ScrollRestoration',
116 silly audit report       severity: 'high',
116 silly audit report       vulnerable_versions: '>=7.0.0 <7.12.0',
116 silly audit report       cwe: [Array],
116 silly audit report       cvss: [Object]
116 silly audit report     }
116 silly audit report   ],
116 silly audit report   rollup: [
116 silly audit report     {
116 silly audit report       id: 1113515,
116 silly audit report       url: 'https://github.com/advisories/GHSA-mw96-cpmx-2vgc',
116 silly audit report       title: 'Rollup 4 has Arbitrary File Write via Path Traversal',
116 silly audit report       severity: 'high',
116 silly audit report       vulnerable_versions: '>=4.0.0 <4.59.0',
116 silly audit report       cwe: [Array],
116 silly audit report       cvss: [Object]
116 silly audit report     }
116 silly audit report   ]
116 silly audit report }
117 silly packumentCache corgi:https://registry.npmjs.org/minimatch cache-miss
118 silly packumentCache corgi:https://registry.npmjs.org/ajv cache-miss
119 silly packumentCache corgi:https://registry.npmjs.org/axios cache-miss
120 silly packumentCache corgi:https://registry.npmjs.org/lodash cache-miss
121 silly packumentCache corgi:https://registry.npmjs.org/react-router cache-miss
122 silly packumentCache corgi:https://registry.npmjs.org/rollup cache-miss
123 http fetch GET 200 https://registry.npmjs.org/axios 572ms (cache hit)
124 silly packumentCache corgi:https://registry.npmjs.org/axios set size:273487 disposed:false
125 http fetch GET 200 https://registry.npmjs.org/minimatch 583ms (cache hit)
126 silly packumentCache corgi:https://registry.npmjs.org/minimatch set size:167610 disposed:false
127 http fetch GET 200 https://registry.npmjs.org/ajv 597ms (cache hit)
128 silly packumentCache corgi:https://registry.npmjs.org/ajv set size:464537 disposed:false
129 http fetch GET 200 https://registry.npmjs.org/lodash 608ms (cache hit)
130 silly packumentCache corgi:https://registry.npmjs.org/lodash set size:68481 disposed:false
131 http fetch GET 200 https://registry.npmjs.org/rollup 693ms (cache revalidated)
132 silly packumentCache corgi:https://registry.npmjs.org/rollup set size:2543476 disposed:false
133 http fetch GET 200 https://registry.npmjs.org/react-router 733ms (cache revalidated)
134 silly packumentCache corgi:https://registry.npmjs.org/react-router set size:1286531 disposed:false
135 silly packumentCache corgi:https://registry.npmjs.org/@eslint%2fconfig-array cache-miss
136 silly packumentCache corgi:https://registry.npmjs.org/@eslint%2feslintrc cache-miss
137 silly packumentCache corgi:https://registry.npmjs.org/eslint cache-miss
138 http fetch GET 200 https://registry.npmjs.org/@eslint%2fconfig-array 164ms (cache hit)
139 silly packumentCache corgi:https://registry.npmjs.org/@eslint%2fconfig-array set size:17196 disposed:false
140 http fetch GET 200 https://registry.npmjs.org/@eslint%2feslintrc 166ms (cache hit)
141 silly packumentCache corgi:https://registry.npmjs.org/@eslint%2feslintrc set size:83205 disposed:false
142 http fetch GET 200 https://registry.npmjs.org/eslint 174ms (cache hit)
143 silly packumentCache corgi:https://registry.npmjs.org/eslint set size:1142103 disposed:false
144 silly packumentCache corgi:https://registry.npmjs.org/@typescript-eslint%2ftypescript-estree cache-miss
145 http fetch GET 200 https://registry.npmjs.org/baseline-browser-mapping/-/baseline-browser-mapping-2.8.30.tgz 3337ms (cache miss)
146 http fetch GET 200 https://registry.npmjs.org/@typescript-eslint%2ftypescript-estree 172ms (cache hit)
147 silly packumentCache corgi:https://registry.npmjs.org/@typescript-eslint%2ftypescript-estree set size:8508292 disposed:false
148 silly packumentCache corgi:https://registry.npmjs.org/react-router-dom cache-miss
149 http fetch GET 200 https://registry.npmjs.org/react-router-dom 126ms (cache revalidated)
150 silly packumentCache corgi:https://registry.npmjs.org/react-router-dom set size:1026198 disposed:false
151 silly packumentCache corgi:https://registry.npmjs.org/rollup-plugin-visualizer cache-miss
152 silly packumentCache corgi:https://registry.npmjs.org/vite cache-miss
153 http fetch GET 200 https://registry.npmjs.org/vite 266ms (cache revalidated)
154 silly packumentCache corgi:https://registry.npmjs.org/vite set size:2190484 disposed:false
155 http fetch GET 200 https://registry.npmjs.org/rollup-plugin-visualizer 1088ms (cache revalidated)
156 silly packumentCache corgi:https://registry.npmjs.org/rollup-plugin-visualizer set size:239854 disposed:false
157 info run esbuild@0.25.12 postinstall node_modules/esbuild node install.js
158 info run esbuild@0.25.12 postinstall { code: 0, signal: null }
159 silly ADD node_modules/ci
160 silly ADD node_modules/yocto-queue
161 silly ADD node_modules/yargs-parser
162 silly ADD node_modules/yargs
163 silly ADD node_modules/yaml
164 silly ADD node_modules/yallist
165 silly ADD node_modules/y18n
166 silly ADD node_modules/xmlhttprequest-ssl
167 silly ADD node_modules/ws
168 silly ADD node_modules/wrap-ansi
169 silly ADD node_modules/word-wrap
170 silly ADD node_modules/which
171 silly ADD node_modules/vite
172 silly ADD node_modules/uri-js
173 silly ADD node_modules/update-browserslist-db
174 silly ADD node_modules/undici-types
175 silly ADD node_modules/typescript-eslint
176 silly ADD node_modules/typescript
177 silly ADD node_modules/type-check
178 silly ADD node_modules/ts-api-utils
179 silly ADD node_modules/to-regex-range
180 silly ADD node_modules/tinyglobby
181 silly ADD node_modules/tailwindcss
182 silly ADD node_modules/supports-preserve-symlinks-flag
183 silly ADD node_modules/supports-color
184 silly ADD node_modules/stylis
185 silly ADD node_modules/strip-json-comments
186 silly ADD node_modules/strip-ansi
187 silly ADD node_modules/string-width
188 silly ADD node_modules/source-map-js
189 silly ADD node_modules/source-map
190 silly ADD node_modules/socket.io-parser
191 silly ADD node_modules/socket.io-parser/node_modules/debug
192 silly ADD node_modules/socket.io-client
193 silly ADD node_modules/socket.io-client/node_modules/debug
194 silly ADD node_modules/shebang-regex
195 silly ADD node_modules/shebang-command
196 silly ADD node_modules/set-cookie-parser
197 silly ADD node_modules/semver
198 silly ADD node_modules/scheduler
199 silly ADD node_modules/run-parallel
200 silly ADD node_modules/rollup-plugin-visualizer
201 silly ADD node_modules/rollup-plugin-visualizer/node_modules/source-map
202 silly ADD node_modules/rollup
203 silly ADD node_modules/reusify
204 silly ADD node_modules/resolve-from
205 silly ADD node_modules/resolve
206 silly ADD node_modules/require-directory
207 silly ADD node_modules/react-transition-group
208 silly ADD node_modules/react-toastify
209 silly ADD node_modules/react-router-dom
210 silly ADD node_modules/react-router
211 silly ADD node_modules/react-refresh
212 silly ADD node_modules/react-is
213 silly ADD node_modules/react-dom
214 silly ADD node_modules/react
215 silly ADD node_modules/queue-microtask
216 silly ADD node_modules/punycode
217 silly ADD node_modules/proxy-from-env
218 silly ADD node_modules/prop-types
219 silly ADD node_modules/prop-types/node_modules/react-is
220 silly ADD node_modules/prelude-ls
221 silly ADD node_modules/postcss
222 silly ADD node_modules/picomatch
223 silly ADD node_modules/picocolors
224 silly ADD node_modules/path-type
225 silly ADD node_modules/path-parse
226 silly ADD node_modules/path-key
227 silly ADD node_modules/path-exists
228 silly ADD node_modules/parse-json
229 silly ADD node_modules/parent-module
230 silly ADD node_modules/p-locate
231 silly ADD node_modules/p-limit
232 silly ADD node_modules/optionator
233 silly ADD node_modules/open
234 silly ADD node_modules/object-assign
235 silly ADD node_modules/node-releases
236 silly ADD node_modules/natural-compare
237 silly ADD node_modules/nanoid
238 silly ADD node_modules/ms
239 silly ADD node_modules/moment-timezone
240 silly ADD node_modules/moment
241 silly ADD node_modules/minimatch
242 silly ADD node_modules/mime-types
243 silly ADD node_modules/mime-db
244 silly ADD node_modules/micromatch
245 silly ADD node_modules/micromatch/node_modules/picomatch
246 silly ADD node_modules/merge2
247 silly ADD node_modules/math-intrinsics
248 silly ADD node_modules/lucide-react
249 silly ADD node_modules/lru-cache
250 silly ADD node_modules/loose-envify
251 silly ADD node_modules/lodash.merge
252 silly ADD node_modules/lodash
253 silly ADD node_modules/locate-path
254 silly ADD node_modules/lines-and-columns
255 silly ADD node_modules/lightweight-charts
256 silly ADD node_modules/levn
257 silly ADD node_modules/keyv
258 silly ADD node_modules/json5
259 silly ADD node_modules/json-stable-stringify-without-jsonify
260 silly ADD node_modules/json-schema-traverse
261 silly ADD node_modules/json-parse-even-better-errors
262 silly ADD node_modules/json-buffer
263 silly ADD node_modules/jsesc
264 silly ADD node_modules/js-yaml
265 silly ADD node_modules/js-tokens
266 silly ADD node_modules/isexe
267 silly ADD node_modules/is-wsl
268 silly ADD node_modules/is-number
269 silly ADD node_modules/is-glob
270 silly ADD node_modules/is-fullwidth-code-point
271 silly ADD node_modules/is-extglob
272 silly ADD node_modules/is-docker
273 silly ADD node_modules/is-core-module
274 silly ADD node_modules/is-arrayish
275 silly ADD node_modules/imurmurhash
276 silly ADD node_modules/import-fresh
277 silly ADD node_modules/ignore
278 silly ADD node_modules/hoist-non-react-statics
279 silly ADD node_modules/hoist-non-react-statics/node_modules/react-is
280 silly ADD node_modules/hasown
281 silly ADD node_modules/has-tostringtag
282 silly ADD node_modules/has-symbols
283 silly ADD node_modules/has-flag
284 silly ADD node_modules/graphemer
285 silly ADD node_modules/gopd
286 silly ADD node_modules/globals
287 silly ADD node_modules/glob-parent
288 silly ADD node_modules/get-proto
289 silly ADD node_modules/get-intrinsic
290 silly ADD node_modules/get-caller-file
291 silly ADD node_modules/gensync
292 silly ADD node_modules/function-bind
293 silly ADD
294 silly ADD node_modules/form-data
295 silly ADD node_modules/follow-redirects
296 silly ADD node_modules/flatted
297 silly ADD node_modules/flat-cache
298 silly ADD node_modules/find-up
299 silly ADD node_modules/find-root
300 silly ADD node_modules/fill-range
301 silly ADD node_modules/file-entry-cache
302 silly ADD node_modules/fdir
303 silly ADD node_modules/fastq
304 silly ADD node_modules/fast-levenshtein
305 silly ADD node_modules/fast-json-stable-stringify
306 silly ADD node_modules/fast-glob
307 silly ADD node_modules/fast-glob/node_modules/glob-parent
308 silly ADD node_modules/fast-deep-equal
309 silly ADD node_modules/fancy-canvas
310 silly ADD node_modules/esutils
311 silly ADD node_modules/estraverse
312 silly ADD node_modules/esrecurse
313 silly ADD node_modules/esquery
314 silly ADD node_modules/espree
315 silly ADD node_modules/eslint-visitor-keys
316 silly ADD node_modules/eslint-scope
317 silly ADD node_modules/eslint-plugin-react-refresh
318 silly ADD node_modules/eslint-plugin-react-hooks
319 silly ADD node_modules/eslint
320 silly ADD node_modules/escape-string-regexp
321 silly ADD node_modules/escalade
322 silly ADD node_modules/esbuild
323 silly ADD node_modules/es-set-tostringtag
324 silly ADD node_modules/es-object-atoms
325 silly ADD node_modules/es-errors
326 silly ADD node_modules/es-define-property
327 silly ADD node_modules/error-ex
328 silly ADD node_modules/engine.io-parser
329 silly ADD node_modules/engine.io-client
330 silly ADD node_modules/engine.io-client/node_modules/debug
331 silly ADD node_modules/emoji-regex
332 silly ADD node_modules/electron-to-chromium
333 silly ADD node_modules/dunder-proto
334 silly ADD node_modules/dotenv
335 silly ADD node_modules/dom-helpers
336 silly ADD node_modules/delayed-stream
337 silly ADD node_modules/define-lazy-prop
338 silly ADD node_modules/deep-is
339 silly ADD node_modules/debug
340 silly ADD node_modules/csstype
341 silly ADD node_modules/cross-spawn
342 silly ADD node_modules/cosmiconfig
343 silly ADD node_modules/cosmiconfig/node_modules/yaml
344 silly ADD node_modules/cookie
345 silly ADD node_modules/convert-source-map
346 silly ADD node_modules/concat-map
347 silly ADD node_modules/combined-stream
348 silly ADD node_modules/color-name
349 silly ADD node_modules/color-convert
350 silly ADD node_modules/clsx
351 silly ADD node_modules/cliui
352 silly ADD node_modules/chalk
353 silly ADD node_modules/caniuse-lite
354 silly ADD node_modules/callsites
355 silly ADD node_modules/call-bind-apply-helpers
356 silly ADD node_modules/browserslist
357 silly ADD node_modules/braces
358 silly ADD node_modules/brace-expansion
359 silly ADD node_modules/baseline-browser-mapping
360 silly ADD node_modules/balanced-match
361 silly ADD node_modules/babel-plugin-macros
362 silly ADD node_modules/axios
363 silly ADD node_modules/asynckit
364 silly ADD node_modules/argparse
365 silly ADD node_modules/ansi-styles
366 silly ADD node_modules/ansi-regex
367 silly ADD node_modules/ajv
368 silly ADD node_modules/acorn-jsx
369 silly ADD node_modules/acorn
370 silly ADD node_modules/@vitejs/plugin-react
371 silly ADD node_modules/@typescript-eslint/visitor-keys
372 silly ADD node_modules/@typescript-eslint/utils
373 silly ADD node_modules/@typescript-eslint/typescript-estree
374 silly ADD node_modules/@typescript-eslint/typescript-estree/node_modules/semver
375 silly ADD node_modules/@typescript-eslint/typescript-estree/node_modules/minimatch
376 silly ADD node_modules/@typescript-eslint/typescript-estree/node_modules/brace-expansion
377 silly ADD node_modules/@typescript-eslint/types
378 silly ADD node_modules/@typescript-eslint/type-utils
379 silly ADD node_modules/@typescript-eslint/tsconfig-utils
380 silly ADD node_modules/@typescript-eslint/scope-manager
381 silly ADD node_modules/@typescript-eslint/project-service
382 silly ADD node_modules/@typescript-eslint/parser
383 silly ADD node_modules/@typescript-eslint/eslint-plugin
384 silly ADD node_modules/@typescript-eslint/eslint-plugin/node_modules/ignore
385 silly ADD node_modules/@types/react-transition-group
386 silly ADD node_modules/@types/react-dom
387 silly ADD node_modules/@types/react
388 silly ADD node_modules/@types/prop-types
389 silly ADD node_modules/@types/parse-json
390 silly ADD node_modules/@types/node
391 silly ADD node_modules/@types/lodash
392 silly ADD node_modules/@types/json-schema
393 silly ADD node_modules/@types/estree
394 silly ADD node_modules/@types/babel__traverse
395 silly ADD node_modules/@types/babel__template
396 silly ADD node_modules/@types/babel__generator
397 silly ADD node_modules/@types/babel__core
398 silly ADD node_modules/@socket.io/component-emitter
399 silly ADD
400 silly ADD
401 silly ADD
402 silly ADD
403 silly ADD
404 silly ADD node_modules/@rollup/rollup-linux-x64-musl
405 silly ADD node_modules/@rollup/rollup-linux-x64-gnu
406 silly ADD
407 silly ADD
408 silly ADD
409 silly ADD
410 silly ADD
411 silly ADD
412 silly ADD
413 silly ADD
414 silly ADD
415 silly ADD
416 silly ADD
417 silly ADD
418 silly ADD
419 silly ADD
420 silly ADD
421 silly ADD node_modules/@rolldown/pluginutils
422 silly ADD node_modules/@popperjs/core
423 silly ADD node_modules/@nodelib/fs.walk
424 silly ADD node_modules/@nodelib/fs.stat
425 silly ADD node_modules/@nodelib/fs.scandir
426 silly ADD node_modules/@mui/utils
427 silly ADD node_modules/@mui/types
428 silly ADD node_modules/@mui/system
429 silly ADD node_modules/@mui/styled-engine
430 silly ADD node_modules/@mui/private-theming
431 silly ADD node_modules/@mui/material
432 silly ADD node_modules/@mui/icons-material
433 silly ADD node_modules/@mui/core-downloads-tracker
434 silly ADD node_modules/@jridgewell/trace-mapping
435 silly ADD node_modules/@jridgewell/sourcemap-codec
436 silly ADD node_modules/@jridgewell/resolve-uri
437 silly ADD node_modules/@jridgewell/remapping
438 silly ADD node_modules/@jridgewell/gen-mapping
439 silly ADD node_modules/@humanwhocodes/retry
440 silly ADD node_modules/@humanwhocodes/module-importer
441 silly ADD node_modules/@humanfs/node
442 silly ADD node_modules/@humanfs/core
443 silly ADD node_modules/@eslint/plugin-kit
444 silly ADD node_modules/@eslint/object-schema
445 silly ADD node_modules/@eslint/js
446 silly ADD node_modules/@eslint/eslintrc
447 silly ADD node_modules/@eslint/eslintrc/node_modules/globals
448 silly ADD node_modules/@eslint/core
449 silly ADD node_modules/@eslint/config-helpers
450 silly ADD node_modules/@eslint/config-array
451 silly ADD node_modules/@eslint-community/regexpp
452 silly ADD node_modules/@eslint-community/eslint-utils
453 silly ADD node_modules/@eslint-community/eslint-utils/node_modules/eslint-visitor-keys
454 silly ADD
455 silly ADD
456 silly ADD
457 silly ADD
458 silly ADD
459 silly ADD
460 silly ADD
461 silly ADD
462 silly ADD
463 silly ADD node_modules/@esbuild/linux-x64
464 silly ADD
465 silly ADD
466 silly ADD
467 silly ADD
468 silly ADD
469 silly ADD
470 silly ADD
471 silly ADD
472 silly ADD
473 silly ADD
474 silly ADD
475 silly ADD
476 silly ADD
477 silly ADD
478 silly ADD
479 silly ADD
480 silly ADD node_modules/@emotion/weak-memoize
481 silly ADD node_modules/@emotion/utils
482 silly ADD node_modules/@emotion/use-insertion-effect-with-fallbacks
483 silly ADD node_modules/@emotion/unitless
484 silly ADD node_modules/@emotion/styled
485 silly ADD node_modules/@emotion/sheet
486 silly ADD node_modules/@emotion/serialize
487 silly ADD node_modules/@emotion/react
488 silly ADD node_modules/@emotion/memoize
489 silly ADD node_modules/@emotion/is-prop-valid
490 silly ADD node_modules/@emotion/hash
491 silly ADD node_modules/@emotion/cache
492 silly ADD node_modules/@emotion/babel-plugin
493 silly ADD node_modules/@babel/types
494 silly ADD node_modules/@babel/traverse
495 silly ADD node_modules/@babel/template
496 silly ADD node_modules/@babel/runtime
497 silly ADD node_modules/@babel/plugin-transform-react-jsx-source
498 silly ADD node_modules/@babel/plugin-transform-react-jsx-self
499 silly ADD node_modules/@babel/parser
500 silly ADD node_modules/@babel/helpers
501 silly ADD node_modules/@babel/helper-validator-option
502 silly ADD node_modules/@babel/helper-validator-identifier
503 silly ADD node_modules/@babel/helper-string-parser
504 silly ADD node_modules/@babel/helper-plugin-utils
505 silly ADD node_modules/@babel/helper-module-transforms
506 silly ADD node_modules/@babel/helper-module-imports
507 silly ADD node_modules/@babel/helper-globals
508 silly ADD node_modules/@babel/helper-compilation-targets
509 silly ADD node_modules/@babel/generator
510 silly ADD node_modules/@babel/core
511 silly ADD node_modules/@babel/core/node_modules/convert-source-map
512 silly ADD node_modules/@babel/compat-data
513 silly ADD node_modules/@babel/code-frame
514 verbose cwd /home/ubuntu/Binance_Bot_V17-Modify/frontend
515 verbose os Linux 6.14.0-1018-aws
516 verbose node v20.20.0
517 verbose npm  v10.8.2
518 verbose exit 0
519 info ok
