0 verbose cli /usr/bin/node /usr/bin/npm
1 info using npm@10.8.2
2 info using node@v20.20.0
3 silly config load:file:/usr/lib/node_modules/npm/npmrc
4 silly config load:file:/home/ubuntu/1hr-volume-trading-v1/Downloads/1hr-volume trading-v1/backend/.npmrc
5 silly config load:file:/home/ubuntu/.npmrc
6 silly config load:file:/usr/etc/npmrc
7 verbose title npm run build
8 verbose argv "run" "build"
9 verbose logfile logs-max:10 dir:/home/ubuntu/.npm/_logs/2026-03-12T09_07_07_229Z-
10 verbose logfile /home/ubuntu/.npm/_logs/2026-03-12T09_07_07_229Z-debug-0.log
11 silly logfile start cleaning logs, removing 1 files
12 silly logfile done cleaning log files
13 http fetch GET 200 https://registry.npmjs.org/npm 140ms
14 verbose cwd /home/ubuntu/1hr-volume-trading-v1/Downloads/1hr-volume trading-v1/backend
15 verbose os Linux 6.14.0-1018-aws
16 verbose node v20.20.0
17 verbose npm  v10.8.2
18 notice
18 notice New [31mmajor[39m version of npm available! [31m10.8.2[39m -> [34m11.11.1[39m
18 notice Changelog: [34mhttps://github.com/npm/cli/releases/tag/v11.11.1[39m
18 notice To update run: [4mnpm install -g npm@11.11.1[24m
18 notice  { force: true, [Symbol(proc-log.meta)]: true }
19 verbose exit 0
20 info ok
